Mensaje I / 00:00:00:000 / Root(00) para top(01)
Mensaje I / 00:00:00:000 / top(01) para casebase(02)
Mensaje D / 00:00:00:000 / casebase(02) / ... para top(01)
Mensaje D / 00:00:00:000 / top(01) / ... para Root(00)
Mensaje X / 00:00:00:000 / Root(00) / ret /      1.00000 para top(01)
Mensaje X / 00:00:00:000 / top(01) / retrieve /      1.00000 para casebase(02)
Mensaje D / 00:00:00:000 / casebase(02) / 00:00:00:000 para top(01)
Mensaje D / 00:00:00:000 / top(01) / 00:00:00:000 para Root(00)
Mensaje * / 00:00:00:000 / Root(00) para top(01)
Mensaje * / 00:00:00:000 / top(01) para casebase(02)
Mensaje Y / 00:00:00:000 / casebase(02) / provide /      0.00000 para top(01)
Mensaje D / 00:00:00:000 / casebase(02) / ... para top(01)
Mensaje Y / 00:00:00:000 / top(01) / prov /      0.00000 para Root(00)
Mensaje D / 00:00:00:000 / top(01) / ... para Root(00)
Mensaje X / 00:00:01:000 / Root(00) / ret /      1.00000 para top(01)
Mensaje X / 00:00:01:000 / top(01) / retrieve /      1.00000 para casebase(02)
Mensaje D / 00:00:01:000 / casebase(02) / 00:00:00:000 para top(01)
Mensaje D / 00:00:01:000 / top(01) / 00:00:00:000 para Root(00)
Mensaje * / 00:00:01:000 / Root(00) para top(01)
Mensaje * / 00:00:01:000 / top(01) para casebase(02)
Mensaje Y / 00:00:01:000 / casebase(02) / provide /      0.00000 para top(01)
Mensaje D / 00:00:01:000 / casebase(02) / ... para top(01)
Mensaje Y / 00:00:01:000 / top(01) / prov /      0.00000 para Root(00)
Mensaje D / 00:00:01:000 / top(01) / ... para Root(00)
Mensaje X / 00:00:02:000 / Root(00) / stor /      1.00000 para top(01)
Mensaje X / 00:00:02:000 / top(01) / store /      1.00000 para casebase(02)
Mensaje D / 00:00:02:000 / casebase(02) / 00:00:00:000 para top(01)
Mensaje D / 00:00:02:000 / top(01) / 00:00:00:000 para Root(00)
Mensaje * / 00:00:02:000 / Root(00) para top(01)
Mensaje * / 00:00:02:000 / top(01) para casebase(02)
Mensaje D / 00:00:02:000 / casebase(02) / ... para top(01)
Mensaje D / 00:00:02:000 / top(01) / ... para Root(00)
Mensaje X / 00:00:03:000 / Root(00) / ret /      1.00000 para top(01)
Mensaje X / 00:00:03:000 / top(01) / retrieve /      1.00000 para casebase(02)
Mensaje D / 00:00:03:000 / casebase(02) / 00:00:00:001 para top(01)
Mensaje D / 00:00:03:000 / top(01) / 00:00:00:001 para Root(00)
Mensaje * / 00:00:03:001 / Root(00) para top(01)
Mensaje * / 00:00:03:001 / top(01) para casebase(02)
Mensaje Y / 00:00:03:001 / casebase(02) / provide /      1.00000 para top(01)
Mensaje D / 00:00:03:001 / casebase(02) / ... para top(01)
Mensaje Y / 00:00:03:001 / top(01) / prov /      1.00000 para Root(00)
Mensaje D / 00:00:03:001 / top(01) / ... para Root(00)
Mensaje X / 00:00:04:000 / Root(00) / stor /      1.00000 para top(01)
Mensaje X / 00:00:04:000 / top(01) / store /      1.00000 para casebase(02)
Mensaje D / 00:00:04:000 / casebase(02) / 00:00:00:000 para top(01)
Mensaje D / 00:00:04:000 / top(01) / 00:00:00:000 para Root(00)
Mensaje * / 00:00:04:000 / Root(00) para top(01)
Mensaje * / 00:00:04:000 / top(01) para casebase(02)
Mensaje D / 00:00:04:000 / casebase(02) / ... para top(01)
Mensaje D / 00:00:04:000 / top(01) / ... para Root(00)
Mensaje X / 00:00:05:000 / Root(00) / ret /      1.00000 para top(01)
Mensaje X / 00:00:05:000 / top(01) / retrieve /      1.00000 para casebase(02)
Mensaje D / 00:00:05:000 / casebase(02) / 00:00:00:001 para top(01)
Mensaje D / 00:00:05:000 / top(01) / 00:00:00:001 para Root(00)
Mensaje * / 00:00:05:001 / Root(00) para top(01)
Mensaje * / 00:00:05:001 / top(01) para casebase(02)
Mensaje Y / 00:00:05:001 / casebase(02) / provide /      2.00000 para top(01)
Mensaje D / 00:00:05:001 / casebase(02) / ... para top(01)
Mensaje Y / 00:00:05:001 / top(01) / prov /      2.00000 para Root(00)
Mensaje D / 00:00:05:001 / top(01) / ... para Root(00)
Mensaje X / 00:00:06:000 / Root(00) / stor /      1.00000 para top(01)
Mensaje X / 00:00:06:000 / top(01) / store /      1.00000 para casebase(02)
Mensaje D / 00:00:06:000 / casebase(02) / 00:00:00:001 para top(01)
Mensaje D / 00:00:06:000 / top(01) / 00:00:00:001 para Root(00)
Mensaje * / 00:00:06:001 / Root(00) para top(01)
Mensaje * / 00:00:06:001 / top(01) para casebase(02)
Mensaje D / 00:00:06:001 / casebase(02) / ... para top(01)
Mensaje D / 00:00:06:001 / top(01) / ... para Root(00)
Mensaje X / 00:00:07:000 / Root(00) / ret /      1.00000 para top(01)
Mensaje X / 00:00:07:000 / top(01) / retrieve /      1.00000 para casebase(02)
Mensaje D / 00:00:07:000 / casebase(02) / 00:00:00:001 para top(01)
Mensaje D / 00:00:07:000 / top(01) / 00:00:00:001 para Root(00)
Mensaje * / 00:00:07:001 / Root(00) para top(01)
Mensaje * / 00:00:07:001 / top(01) para casebase(02)
Mensaje Y / 00:00:07:001 / casebase(02) / provide /      3.00000 para top(01)
Mensaje D / 00:00:07:001 / casebase(02) / ... para top(01)
Mensaje Y / 00:00:07:001 / top(01) / prov /      3.00000 para Root(00)
Mensaje D / 00:00:07:001 / top(01) / ... para Root(00)
Mensaje X / 00:00:08:000 / Root(00) / stor /      1.00000 para top(01)
Mensaje X / 00:00:08:000 / top(01) / store /      1.00000 para casebase(02)
Mensaje D / 00:00:08:000 / casebase(02) / 00:00:00:001 para top(01)
Mensaje D / 00:00:08:000 / top(01) / 00:00:00:001 para Root(00)
Mensaje * / 00:00:08:001 / Root(00) para top(01)
Mensaje * / 00:00:08:001 / top(01) para casebase(02)
Mensaje D / 00:00:08:001 / casebase(02) / ... para top(01)
Mensaje D / 00:00:08:001 / top(01) / ... para Root(00)
Mensaje X / 00:00:09:000 / Root(00) / ret /      1.00000 para top(01)
Mensaje X / 00:00:09:000 / top(01) / retrieve /      1.00000 para casebase(02)
Mensaje D / 00:00:09:000 / casebase(02) / 00:00:00:000 para top(01)
Mensaje D / 00:00:09:000 / top(01) / 00:00:00:000 para Root(00)
Mensaje * / 00:00:09:000 / Root(00) para top(01)
Mensaje * / 00:00:09:000 / top(01) para casebase(02)
Mensaje Y / 00:00:09:000 / casebase(02) / provide /      4.00000 para top(01)
Mensaje D / 00:00:09:000 / casebase(02) / ... para top(01)
Mensaje Y / 00:00:09:000 / top(01) / prov /      4.00000 para Root(00)
Mensaje D / 00:00:09:000 / top(01) / ... para Root(00)
Mensaje X / 00:00:10:000 / Root(00) / stor /      1.00000 para top(01)
Mensaje X / 00:00:10:000 / top(01) / store /      1.00000 para casebase(02)
Mensaje D / 00:00:10:000 / casebase(02) / 00:00:00:000 para top(01)
Mensaje D / 00:00:10:000 / top(01) / 00:00:00:000 para Root(00)
Mensaje * / 00:00:10:000 / Root(00) para top(01)
Mensaje * / 00:00:10:000 / top(01) para casebase(02)
Mensaje D / 00:00:10:000 / casebase(02) / ... para top(01)
Mensaje D / 00:00:10:000 / top(01) / ... para Root(00)
Mensaje X / 00:00:11:000 / Root(00) / ret /      1.00000 para top(01)
Mensaje X / 00:00:11:000 / top(01) / retrieve /      1.00000 para casebase(02)
Mensaje D / 00:00:11:000 / casebase(02) / 00:00:00:001 para top(01)
Mensaje D / 00:00:11:000 / top(01) / 00:00:00:001 para Root(00)
Mensaje * / 00:00:11:001 / Root(00) para top(01)
Mensaje * / 00:00:11:001 / top(01) para casebase(02)
Mensaje Y / 00:00:11:001 / casebase(02) / provide /      5.00000 para top(01)
Mensaje D / 00:00:11:001 / casebase(02) / ... para top(01)
Mensaje Y / 00:00:11:001 / top(01) / prov /      5.00000 para Root(00)
Mensaje D / 00:00:11:001 / top(01) / ... para Root(00)
Mensaje X / 00:00:12:000 / Root(00) / ret /      1.00000 para top(01)
Mensaje X / 00:00:12:000 / top(01) / retrieve /      1.00000 para casebase(02)
Mensaje D / 00:00:12:000 / casebase(02) / 00:00:00:000 para top(01)
Mensaje D / 00:00:12:000 / top(01) / 00:00:00:000 para Root(00)
Mensaje * / 00:00:12:000 / Root(00) para top(01)
Mensaje * / 00:00:12:000 / top(01) para casebase(02)
Mensaje Y / 00:00:12:000 / casebase(02) / provide /      5.00000 para top(01)
Mensaje D / 00:00:12:000 / casebase(02) / ... para top(01)
Mensaje Y / 00:00:12:000 / top(01) / prov /      5.00000 para Root(00)
Mensaje D / 00:00:12:000 / top(01) / ... para Root(00)
