Mensaje I / 00:00:00:000 / Root(00) para top(01)
Mensaje I / 00:00:00:000 / top(01) para retrieve(02)
Mensaje I / 00:00:00:000 / top(01) para reuse(03)
Mensaje I / 00:00:00:000 / top(01) para casebase(04)
Mensaje I / 00:00:00:000 / top(01) para retain(05)
Mensaje I / 00:00:00:000 / top(01) para revise(06)
Mensaje I / 00:00:00:000 / top(01) para interface(07)
Mensaje D / 00:00:00:000 / retrieve(02) / ... para top(01)
Mensaje D / 00:00:00:000 / reuse(03) / ... para top(01)
Mensaje D / 00:00:00:000 / casebase(04) / ... para top(01)
Mensaje D / 00:00:00:000 / retain(05) / ... para top(01)
Mensaje D / 00:00:00:000 / revise(06) / ... para top(01)
Mensaje D / 00:00:00:000 / interface(07) / ... para top(01)
Mensaje D / 00:00:00:000 / top(01) / ... para Root(00)
Mensaje X / 00:00:00:000 / Root(00) / input /      1.00000 para top(01)
Mensaje X / 00:00:00:000 / top(01) / input /      1.00000 para interface(07)
Mensaje D / 00:00:00:000 / interface(07) / 00:00:00:000 para top(01)
Mensaje D / 00:00:00:000 / top(01) / 00:00:00:000 para Root(00)
Mensaje * / 00:00:00:000 / Root(00) para top(01)
Mensaje * / 00:00:00:000 / top(01) para interface(07)
Mensaje Y / 00:00:00:000 / interface(07) / query /      1.00000 para top(01)
Mensaje D / 00:00:00:000 / interface(07) / ... para top(01)
Mensaje X / 00:00:00:000 / top(01) / query /      1.00000 para retrieve(02)
Mensaje D / 00:00:00:000 / retrieve(02) / 00:00:00:000 para top(01)
Mensaje D / 00:00:00:000 / top(01) / 00:00:00:000 para Root(00)
Mensaje * / 00:00:00:000 / Root(00) para top(01)
Mensaje * / 00:00:00:000 / top(01) para retrieve(02)
Mensaje Y / 00:00:00:000 / retrieve(02) / retrieve /      1.00000 para top(01)
Mensaje D / 00:00:00:000 / retrieve(02) / ... para top(01)
Mensaje X / 00:00:00:000 / top(01) / retrieve /      1.00000 para casebase(04)
Mensaje D / 00:00:00:000 / casebase(04) / 00:00:00:000 para top(01)
Mensaje D / 00:00:00:000 / top(01) / 00:00:00:000 para Root(00)
Mensaje * / 00:00:00:000 / Root(00) para top(01)
Mensaje * / 00:00:00:000 / top(01) para casebase(04)
Mensaje Y / 00:00:00:000 / casebase(04) / provide /      0.00000 para top(01)
Mensaje D / 00:00:00:000 / casebase(04) / ... para top(01)
Mensaje X / 00:00:00:000 / top(01) / provide /      0.00000 para retrieve(02)
Mensaje D / 00:00:00:000 / retrieve(02) / 00:00:00:000 para top(01)
Mensaje D / 00:00:00:000 / top(01) / 00:00:00:000 para Root(00)
Mensaje * / 00:00:00:000 / Root(00) para top(01)
Mensaje * / 00:00:00:000 / top(01) para retrieve(02)
Mensaje Y / 00:00:00:000 / retrieve(02) / proposed /      1.00000 para top(01)
Mensaje D / 00:00:00:000 / retrieve(02) / ... para top(01)
Mensaje X / 00:00:00:000 / top(01) / proposed /      1.00000 para reuse(03)
Mensaje D / 00:00:00:000 / reuse(03) / 00:00:00:006 para top(01)
Mensaje D / 00:00:00:000 / top(01) / 00:00:00:006 para Root(00)
Mensaje * / 00:00:00:006 / Root(00) para top(01)
Mensaje * / 00:00:00:006 / top(01) para reuse(03)
Mensaje Y / 00:00:00:006 / reuse(03) / solution /      1.00000 para top(01)
Mensaje Y / 00:00:00:006 / reuse(03) / adapted /      1.00000 para top(01)
Mensaje D / 00:00:00:006 / reuse(03) / ... para top(01)
Mensaje X / 00:00:00:006 / top(01) / solution /      1.00000 para interface(07)
Mensaje X / 00:00:00:006 / top(01) / adapted /      1.00000 para revise(06)
Mensaje D / 00:00:00:006 / interface(07) / 00:00:00:001 para top(01)
Mensaje D / 00:00:00:006 / revise(06) / ... para top(01)
Mensaje D / 00:00:00:006 / top(01) / 00:00:00:001 para Root(00)
Mensaje * / 00:00:00:007 / Root(00) para top(01)
Mensaje * / 00:00:00:007 / top(01) para interface(07)
Mensaje Y / 00:00:00:007 / interface(07) / feedback /      1.00000 para top(01)
Mensaje D / 00:00:00:007 / interface(07) / 00:00:00:000 para top(01)
Mensaje X / 00:00:00:007 / top(01) / feedback /      1.00000 para revise(06)
Mensaje D / 00:00:00:007 / revise(06) / 00:00:00:009 para top(01)
Mensaje D / 00:00:00:007 / top(01) / 00:00:00:000 para Root(00)
Mensaje * / 00:00:00:007 / Root(00) para top(01)
Mensaje * / 00:00:00:007 / top(01) para interface(07)
Mensaje Y / 00:00:00:007 / interface(07) / output /      1.00000 para top(01)
Mensaje D / 00:00:00:007 / interface(07) / ... para top(01)
Mensaje Y / 00:00:00:007 / top(01) / output /      1.00000 para Root(00)
Mensaje D / 00:00:00:007 / top(01) / 00:00:00:009 para Root(00)
Mensaje * / 00:00:00:016 / Root(00) para top(01)
Mensaje * / 00:00:00:016 / top(01) para revise(06)
Mensaje Y / 00:00:00:016 / revise(06) / fixed /      1.00000 para top(01)
Mensaje D / 00:00:00:016 / revise(06) / ... para top(01)
Mensaje X / 00:00:00:016 / top(01) / in /      1.00000 para retain(05)
Mensaje D / 00:00:00:016 / retain(05) / 00:00:00:005 para top(01)
Mensaje D / 00:00:00:016 / top(01) / 00:00:00:005 para Root(00)
Mensaje * / 00:00:00:021 / Root(00) para top(01)
Mensaje * / 00:00:00:021 / top(01) para retain(05)
Mensaje Y / 00:00:00:021 / retain(05) / out /      1.00000 para top(01)
Mensaje D / 00:00:00:021 / retain(05) / ... para top(01)
Mensaje X / 00:00:00:021 / top(01) / store /      1.00000 para casebase(04)
Mensaje D / 00:00:00:021 / casebase(04) / 00:00:00:001 para top(01)
Mensaje D / 00:00:00:021 / top(01) / 00:00:00:001 para Root(00)
Mensaje * / 00:00:00:022 / Root(00) para top(01)
Mensaje * / 00:00:00:022 / top(01) para casebase(04)
Mensaje D / 00:00:00:022 / casebase(04) / ... para top(01)
Mensaje D / 00:00:00:022 / top(01) / ... para Root(00)
Mensaje X / 00:00:01:000 / Root(00) / input /      1.00000 para top(01)
Mensaje X / 00:00:01:000 / top(01) / input /      1.00000 para interface(07)
Mensaje D / 00:00:01:000 / interface(07) / 00:00:00:000 para top(01)
Mensaje D / 00:00:01:000 / top(01) / 00:00:00:000 para Root(00)
Mensaje * / 00:00:01:000 / Root(00) para top(01)
Mensaje * / 00:00:01:000 / top(01) para interface(07)
Mensaje Y / 00:00:01:000 / interface(07) / query /      1.00000 para top(01)
Mensaje D / 00:00:01:000 / interface(07) / ... para top(01)
Mensaje X / 00:00:01:000 / top(01) / query /      1.00000 para retrieve(02)
Mensaje D / 00:00:01:000 / retrieve(02) / 00:00:00:000 para top(01)
Mensaje D / 00:00:01:000 / top(01) / 00:00:00:000 para Root(00)
Mensaje * / 00:00:01:000 / Root(00) para top(01)
Mensaje * / 00:00:01:000 / top(01) para retrieve(02)
Mensaje Y / 00:00:01:000 / retrieve(02) / retrieve /      1.00000 para top(01)
Mensaje D / 00:00:01:000 / retrieve(02) / ... para top(01)
Mensaje X / 00:00:01:000 / top(01) / retrieve /      1.00000 para casebase(04)
Mensaje D / 00:00:01:000 / casebase(04) / 00:00:00:001 para top(01)
Mensaje D / 00:00:01:000 / top(01) / 00:00:00:001 para Root(00)
Mensaje * / 00:00:01:001 / Root(00) para top(01)
Mensaje * / 00:00:01:001 / top(01) para casebase(04)
Mensaje Y / 00:00:01:001 / casebase(04) / provide /      1.00000 para top(01)
Mensaje D / 00:00:01:001 / casebase(04) / ... para top(01)
Mensaje X / 00:00:01:001 / top(01) / provide /      1.00000 para retrieve(02)
Mensaje D / 00:00:01:001 / retrieve(02) / 00:00:00:000 para top(01)
Mensaje D / 00:00:01:001 / top(01) / 00:00:00:000 para Root(00)
Mensaje * / 00:00:01:001 / Root(00) para top(01)
Mensaje * / 00:00:01:001 / top(01) para retrieve(02)
Mensaje Y / 00:00:01:001 / retrieve(02) / proposed /      1.00000 para top(01)
Mensaje D / 00:00:01:001 / retrieve(02) / ... para top(01)
Mensaje X / 00:00:01:001 / top(01) / proposed /      1.00000 para reuse(03)
Mensaje D / 00:00:01:001 / reuse(03) / 00:00:00:009 para top(01)
Mensaje D / 00:00:01:001 / top(01) / 00:00:00:009 para Root(00)
Mensaje * / 00:00:01:010 / Root(00) para top(01)
Mensaje * / 00:00:01:010 / top(01) para reuse(03)
Mensaje Y / 00:00:01:010 / reuse(03) / solution /      1.00000 para top(01)
Mensaje Y / 00:00:01:010 / reuse(03) / adapted /      0.00000 para top(01)
Mensaje D / 00:00:01:010 / reuse(03) / ... para top(01)
Mensaje X / 00:00:01:010 / top(01) / solution /      1.00000 para interface(07)
Mensaje X / 00:00:01:010 / top(01) / adapted /      0.00000 para revise(06)
Mensaje D / 00:00:01:010 / interface(07) / 00:00:00:001 para top(01)
Mensaje D / 00:00:01:010 / revise(06) / ... para top(01)
Mensaje D / 00:00:01:010 / top(01) / 00:00:00:001 para Root(00)
Mensaje * / 00:00:01:011 / Root(00) para top(01)
Mensaje * / 00:00:01:011 / top(01) para interface(07)
Mensaje Y / 00:00:01:011 / interface(07) / feedback /      0.00000 para top(01)
Mensaje D / 00:00:01:011 / interface(07) / ... para top(01)
Mensaje X / 00:00:01:011 / top(01) / feedback /      0.00000 para revise(06)
Mensaje D / 00:00:01:011 / revise(06) / 00:00:00:011 para top(01)
Mensaje D / 00:00:01:011 / top(01) / 00:00:00:011 para Root(00)
Mensaje * / 00:00:01:022 / Root(00) para top(01)
Mensaje * / 00:00:01:022 / top(01) para revise(06)
Mensaje Y / 00:00:01:022 / revise(06) / solution /      1.00000 para top(01)
Mensaje D / 00:00:01:022 / revise(06) / ... para top(01)
Mensaje X / 00:00:01:022 / top(01) / solution /      1.00000 para interface(07)
Mensaje D / 00:00:01:022 / interface(07) / 00:00:00:001 para top(01)
Mensaje D / 00:00:01:022 / top(01) / 00:00:00:001 para Root(00)
Mensaje * / 00:00:01:023 / Root(00) para top(01)
Mensaje * / 00:00:01:023 / top(01) para interface(07)
Mensaje Y / 00:00:01:023 / interface(07) / feedback /      1.00000 para top(01)
Mensaje D / 00:00:01:023 / interface(07) / 00:00:00:000 para top(01)
Mensaje X / 00:00:01:023 / top(01) / feedback /      1.00000 para revise(06)
Mensaje D / 00:00:01:023 / revise(06) / 00:00:00:007 para top(01)
Mensaje D / 00:00:01:023 / top(01) / 00:00:00:000 para Root(00)
Mensaje * / 00:00:01:023 / Root(00) para top(01)
Mensaje * / 00:00:01:023 / top(01) para interface(07)
Mensaje Y / 00:00:01:023 / interface(07) / output /      1.00000 para top(01)
Mensaje D / 00:00:01:023 / interface(07) / ... para top(01)
Mensaje Y / 00:00:01:023 / top(01) / output /      1.00000 para Root(00)
Mensaje D / 00:00:01:023 / top(01) / 00:00:00:007 para Root(00)
Mensaje * / 00:00:01:030 / Root(00) para top(01)
Mensaje * / 00:00:01:030 / top(01) para revise(06)
Mensaje Y / 00:00:01:030 / revise(06) / fixed /      0.00000 para top(01)
Mensaje D / 00:00:01:030 / revise(06) / ... para top(01)
Mensaje X / 00:00:01:030 / top(01) / in /      0.00000 para retain(05)
Mensaje D / 00:00:01:030 / retain(05) / ... para top(01)
Mensaje D / 00:00:01:030 / top(01) / ... para Root(00)
Mensaje X / 00:00:02:000 / Root(00) / input /      1.00000 para top(01)
Mensaje X / 00:00:02:000 / top(01) / input /      1.00000 para interface(07)
Mensaje D / 00:00:02:000 / interface(07) / 00:00:00:000 para top(01)
Mensaje D / 00:00:02:000 / top(01) / 00:00:00:000 para Root(00)
Mensaje * / 00:00:02:000 / Root(00) para top(01)
Mensaje * / 00:00:02:000 / top(01) para interface(07)
Mensaje Y / 00:00:02:000 / interface(07) / query /      1.00000 para top(01)
Mensaje D / 00:00:02:000 / interface(07) / ... para top(01)
Mensaje X / 00:00:02:000 / top(01) / query /      1.00000 para retrieve(02)
Mensaje D / 00:00:02:000 / retrieve(02) / 00:00:00:000 para top(01)
Mensaje D / 00:00:02:000 / top(01) / 00:00:00:000 para Root(00)
Mensaje * / 00:00:02:000 / Root(00) para top(01)
Mensaje * / 00:00:02:000 / top(01) para retrieve(02)
Mensaje Y / 00:00:02:000 / retrieve(02) / retrieve /      1.00000 para top(01)
Mensaje D / 00:00:02:000 / retrieve(02) / ... para top(01)
Mensaje X / 00:00:02:000 / top(01) / retrieve /      1.00000 para casebase(04)
Mensaje D / 00:00:02:000 / casebase(04) / 00:00:00:001 para top(01)
Mensaje D / 00:00:02:000 / top(01) / 00:00:00:001 para Root(00)
Mensaje * / 00:00:02:001 / Root(00) para top(01)
Mensaje * / 00:00:02:001 / top(01) para casebase(04)
Mensaje Y / 00:00:02:001 / casebase(04) / provide /      1.00000 para top(01)
Mensaje D / 00:00:02:001 / casebase(04) / ... para top(01)
Mensaje X / 00:00:02:001 / top(01) / provide /      1.00000 para retrieve(02)
Mensaje D / 00:00:02:001 / retrieve(02) / 00:00:00:000 para top(01)
Mensaje D / 00:00:02:001 / top(01) / 00:00:00:000 para Root(00)
Mensaje * / 00:00:02:001 / Root(00) para top(01)
Mensaje * / 00:00:02:001 / top(01) para retrieve(02)
Mensaje Y / 00:00:02:001 / retrieve(02) / proposed /      1.00000 para top(01)
Mensaje D / 00:00:02:001 / retrieve(02) / ... para top(01)
Mensaje X / 00:00:02:001 / top(01) / proposed /      1.00000 para reuse(03)
Mensaje D / 00:00:02:001 / reuse(03) / 00:00:00:007 para top(01)
Mensaje D / 00:00:02:001 / top(01) / 00:00:00:007 para Root(00)
Mensaje * / 00:00:02:008 / Root(00) para top(01)
Mensaje * / 00:00:02:008 / top(01) para reuse(03)
Mensaje Y / 00:00:02:008 / reuse(03) / solution /      1.00000 para top(01)
Mensaje Y / 00:00:02:008 / reuse(03) / adapted /      0.00000 para top(01)
Mensaje D / 00:00:02:008 / reuse(03) / ... para top(01)
Mensaje X / 00:00:02:008 / top(01) / solution /      1.00000 para interface(07)
Mensaje X / 00:00:02:008 / top(01) / adapted /      0.00000 para revise(06)
Mensaje D / 00:00:02:008 / interface(07) / 00:00:00:001 para top(01)
Mensaje D / 00:00:02:008 / revise(06) / ... para top(01)
Mensaje D / 00:00:02:008 / top(01) / 00:00:00:001 para Root(00)
Mensaje * / 00:00:02:009 / Root(00) para top(01)
Mensaje * / 00:00:02:009 / top(01) para interface(07)
Mensaje Y / 00:00:02:009 / interface(07) / feedback /      1.00000 para top(01)
Mensaje D / 00:00:02:009 / interface(07) / 00:00:00:000 para top(01)
Mensaje X / 00:00:02:009 / top(01) / feedback /      1.00000 para revise(06)
Mensaje D / 00:00:02:009 / revise(06) / 00:00:00:006 para top(01)
Mensaje D / 00:00:02:009 / top(01) / 00:00:00:000 para Root(00)
Mensaje * / 00:00:02:009 / Root(00) para top(01)
Mensaje * / 00:00:02:009 / top(01) para interface(07)
Mensaje Y / 00:00:02:009 / interface(07) / output /      1.00000 para top(01)
Mensaje D / 00:00:02:009 / interface(07) / ... para top(01)
Mensaje Y / 00:00:02:009 / top(01) / output /      1.00000 para Root(00)
Mensaje D / 00:00:02:009 / top(01) / 00:00:00:006 para Root(00)
Mensaje * / 00:00:02:015 / Root(00) para top(01)
Mensaje * / 00:00:02:015 / top(01) para revise(06)
Mensaje Y / 00:00:02:015 / revise(06) / fixed /      0.00000 para top(01)
Mensaje D / 00:00:02:015 / revise(06) / ... para top(01)
Mensaje X / 00:00:02:015 / top(01) / in /      0.00000 para retain(05)
Mensaje D / 00:00:02:015 / retain(05) / ... para top(01)
Mensaje D / 00:00:02:015 / top(01) / ... para Root(00)
Mensaje X / 00:00:03:000 / Root(00) / input /      1.00000 para top(01)
Mensaje X / 00:00:03:000 / top(01) / input /      1.00000 para interface(07)
Mensaje D / 00:00:03:000 / interface(07) / 00:00:00:001 para top(01)
Mensaje D / 00:00:03:000 / top(01) / 00:00:00:001 para Root(00)
Mensaje * / 00:00:03:001 / Root(00) para top(01)
Mensaje * / 00:00:03:001 / top(01) para interface(07)
Mensaje Y / 00:00:03:001 / interface(07) / query /      1.00000 para top(01)
Mensaje D / 00:00:03:001 / interface(07) / ... para top(01)
Mensaje X / 00:00:03:001 / top(01) / query /      1.00000 para retrieve(02)
Mensaje D / 00:00:03:001 / retrieve(02) / 00:00:00:000 para top(01)
Mensaje D / 00:00:03:001 / top(01) / 00:00:00:000 para Root(00)
Mensaje * / 00:00:03:001 / Root(00) para top(01)
Mensaje * / 00:00:03:001 / top(01) para retrieve(02)
Mensaje Y / 00:00:03:001 / retrieve(02) / retrieve /      1.00000 para top(01)
Mensaje D / 00:00:03:001 / retrieve(02) / ... para top(01)
Mensaje X / 00:00:03:001 / top(01) / retrieve /      1.00000 para casebase(04)
Mensaje D / 00:00:03:001 / casebase(04) / 00:00:00:001 para top(01)
Mensaje D / 00:00:03:001 / top(01) / 00:00:00:001 para Root(00)
Mensaje * / 00:00:03:002 / Root(00) para top(01)
Mensaje * / 00:00:03:002 / top(01) para casebase(04)
Mensaje Y / 00:00:03:002 / casebase(04) / provide /      1.00000 para top(01)
Mensaje D / 00:00:03:002 / casebase(04) / ... para top(01)
Mensaje X / 00:00:03:002 / top(01) / provide /      1.00000 para retrieve(02)
Mensaje D / 00:00:03:002 / retrieve(02) / 00:00:00:000 para top(01)
Mensaje D / 00:00:03:002 / top(01) / 00:00:00:000 para Root(00)
Mensaje * / 00:00:03:002 / Root(00) para top(01)
Mensaje * / 00:00:03:002 / top(01) para retrieve(02)
Mensaje Y / 00:00:03:002 / retrieve(02) / proposed /      1.00000 para top(01)
Mensaje D / 00:00:03:002 / retrieve(02) / ... para top(01)
Mensaje X / 00:00:03:002 / top(01) / proposed /      1.00000 para reuse(03)
Mensaje D / 00:00:03:002 / reuse(03) / 00:00:00:008 para top(01)
Mensaje D / 00:00:03:002 / top(01) / 00:00:00:008 para Root(00)
Mensaje * / 00:00:03:010 / Root(00) para top(01)
Mensaje * / 00:00:03:010 / top(01) para reuse(03)
Mensaje Y / 00:00:03:010 / reuse(03) / solution /      1.00000 para top(01)
Mensaje Y / 00:00:03:010 / reuse(03) / adapted /      0.00000 para top(01)
Mensaje D / 00:00:03:010 / reuse(03) / ... para top(01)
Mensaje X / 00:00:03:010 / top(01) / solution /      1.00000 para interface(07)
Mensaje X / 00:00:03:010 / top(01) / adapted /      0.00000 para revise(06)
Mensaje D / 00:00:03:010 / interface(07) / 00:00:00:001 para top(01)
Mensaje D / 00:00:03:010 / revise(06) / ... para top(01)
Mensaje D / 00:00:03:010 / top(01) / 00:00:00:001 para Root(00)
Mensaje * / 00:00:03:011 / Root(00) para top(01)
Mensaje * / 00:00:03:011 / top(01) para interface(07)
Mensaje Y / 00:00:03:011 / interface(07) / feedback /      0.00000 para top(01)
Mensaje D / 00:00:03:011 / interface(07) / ... para top(01)
Mensaje X / 00:00:03:011 / top(01) / feedback /      0.00000 para revise(06)
Mensaje D / 00:00:03:011 / revise(06) / 00:00:00:009 para top(01)
Mensaje D / 00:00:03:011 / top(01) / 00:00:00:009 para Root(00)
Mensaje * / 00:00:03:020 / Root(00) para top(01)
Mensaje * / 00:00:03:020 / top(01) para revise(06)
Mensaje Y / 00:00:03:020 / revise(06) / solution /      1.00000 para top(01)
Mensaje D / 00:00:03:020 / revise(06) / ... para top(01)
Mensaje X / 00:00:03:020 / top(01) / solution /      1.00000 para interface(07)
Mensaje D / 00:00:03:020 / interface(07) / 00:00:00:000 para top(01)
Mensaje D / 00:00:03:020 / top(01) / 00:00:00:000 para Root(00)
Mensaje * / 00:00:03:020 / Root(00) para top(01)
Mensaje * / 00:00:03:020 / top(01) para interface(07)
Mensaje Y / 00:00:03:020 / interface(07) / feedback /      1.00000 para top(01)
Mensaje D / 00:00:03:020 / interface(07) / 00:00:00:000 para top(01)
Mensaje X / 00:00:03:020 / top(01) / feedback /      1.00000 para revise(06)
Mensaje D / 00:00:03:020 / revise(06) / 00:00:00:007 para top(01)
Mensaje D / 00:00:03:020 / top(01) / 00:00:00:000 para Root(00)
Mensaje * / 00:00:03:020 / Root(00) para top(01)
Mensaje * / 00:00:03:020 / top(01) para interface(07)
Mensaje Y / 00:00:03:020 / interface(07) / output /      1.00000 para top(01)
Mensaje D / 00:00:03:020 / interface(07) / ... para top(01)
Mensaje Y / 00:00:03:020 / top(01) / output /      1.00000 para Root(00)
Mensaje D / 00:00:03:020 / top(01) / 00:00:00:007 para Root(00)
Mensaje * / 00:00:03:027 / Root(00) para top(01)
Mensaje * / 00:00:03:027 / top(01) para revise(06)
Mensaje Y / 00:00:03:027 / revise(06) / fixed /      0.00000 para top(01)
Mensaje D / 00:00:03:027 / revise(06) / ... para top(01)
Mensaje X / 00:00:03:027 / top(01) / in /      0.00000 para retain(05)
Mensaje D / 00:00:03:027 / retain(05) / ... para top(01)
Mensaje D / 00:00:03:027 / top(01) / ... para Root(00)
Mensaje X / 00:00:04:000 / Root(00) / input /      1.00000 para top(01)
Mensaje X / 00:00:04:000 / top(01) / input /      1.00000 para interface(07)
Mensaje D / 00:00:04:000 / interface(07) / 00:00:00:000 para top(01)
Mensaje D / 00:00:04:000 / top(01) / 00:00:00:000 para Root(00)
Mensaje * / 00:00:04:000 / Root(00) para top(01)
Mensaje * / 00:00:04:000 / top(01) para interface(07)
Mensaje Y / 00:00:04:000 / interface(07) / query /      1.00000 para top(01)
Mensaje D / 00:00:04:000 / interface(07) / ... para top(01)
Mensaje X / 00:00:04:000 / top(01) / query /      1.00000 para retrieve(02)
Mensaje D / 00:00:04:000 / retrieve(02) / 00:00:00:000 para top(01)
Mensaje D / 00:00:04:000 / top(01) / 00:00:00:000 para Root(00)
Mensaje * / 00:00:04:000 / Root(00) para top(01)
Mensaje * / 00:00:04:000 / top(01) para retrieve(02)
Mensaje Y / 00:00:04:000 / retrieve(02) / retrieve /      1.00000 para top(01)
Mensaje D / 00:00:04:000 / retrieve(02) / ... para top(01)
Mensaje X / 00:00:04:000 / top(01) / retrieve /      1.00000 para casebase(04)
Mensaje D / 00:00:04:000 / casebase(04) / 00:00:00:001 para top(01)
Mensaje D / 00:00:04:000 / top(01) / 00:00:00:001 para Root(00)
Mensaje X / 00:00:04:001 / Root(00) / input /      1.00000 para top(01)
Mensaje X / 00:00:04:001 / top(01) / input /      1.00000 para interface(07)
Mensaje D / 00:00:04:001 / interface(07) / ... para top(01)
Mensaje D / 00:00:04:001 / top(01) / 00:00:00:000 para Root(00)
Mensaje * / 00:00:04:001 / Root(00) para top(01)
Mensaje * / 00:00:04:001 / top(01) para casebase(04)
Mensaje Y / 00:00:04:001 / casebase(04) / provide /      1.00000 para top(01)
Mensaje D / 00:00:04:001 / casebase(04) / ... para top(01)
Mensaje X / 00:00:04:001 / top(01) / provide /      1.00000 para retrieve(02)
Mensaje D / 00:00:04:001 / retrieve(02) / 00:00:00:000 para top(01)
Mensaje D / 00:00:04:001 / top(01) / 00:00:00:000 para Root(00)
Mensaje * / 00:00:04:001 / Root(00) para top(01)
Mensaje * / 00:00:04:001 / top(01) para retrieve(02)
Mensaje Y / 00:00:04:001 / retrieve(02) / proposed /      1.00000 para top(01)
Mensaje D / 00:00:04:001 / retrieve(02) / ... para top(01)
Mensaje X / 00:00:04:001 / top(01) / proposed /      1.00000 para reuse(03)
Mensaje D / 00:00:04:001 / reuse(03) / 00:00:00:007 para top(01)
Mensaje D / 00:00:04:001 / top(01) / 00:00:00:007 para Root(00)
Mensaje X / 00:00:04:002 / Root(00) / input /      1.00000 para top(01)
Mensaje X / 00:00:04:002 / top(01) / input /      1.00000 para interface(07)
Mensaje D / 00:00:04:002 / interface(07) / ... para top(01)
Mensaje D / 00:00:04:002 / top(01) / 00:00:00:006 para Root(00)
Mensaje X / 00:00:04:003 / Root(00) / input /      1.00000 para top(01)
Mensaje X / 00:00:04:003 / top(01) / input /      1.00000 para interface(07)
Mensaje D / 00:00:04:003 / interface(07) / ... para top(01)
Mensaje D / 00:00:04:003 / top(01) / 00:00:00:005 para Root(00)
Mensaje X / 00:00:04:004 / Root(00) / input /      1.00000 para top(01)
Mensaje X / 00:00:04:004 / top(01) / input /      1.00000 para interface(07)
Mensaje D / 00:00:04:004 / interface(07) / ... para top(01)
Mensaje D / 00:00:04:004 / top(01) / 00:00:00:004 para Root(00)
Mensaje X / 00:00:04:005 / Root(00) / input /      1.00000 para top(01)
Mensaje X / 00:00:04:005 / top(01) / input /      1.00000 para interface(07)
Mensaje D / 00:00:04:005 / interface(07) / ... para top(01)
Mensaje D / 00:00:04:005 / top(01) / 00:00:00:003 para Root(00)
Mensaje X / 00:00:04:006 / Root(00) / input /      1.00000 para top(01)
Mensaje X / 00:00:04:006 / top(01) / input /      1.00000 para interface(07)
Mensaje D / 00:00:04:006 / interface(07) / ... para top(01)
Mensaje D / 00:00:04:006 / top(01) / 00:00:00:002 para Root(00)
Mensaje X / 00:00:04:007 / Root(00) / input /      1.00000 para top(01)
Mensaje X / 00:00:04:007 / top(01) / input /      1.00000 para interface(07)
Mensaje D / 00:00:04:007 / interface(07) / ... para top(01)
Mensaje D / 00:00:04:007 / top(01) / 00:00:00:001 para Root(00)
Mensaje X / 00:00:04:008 / Root(00) / input /      1.00000 para top(01)
Mensaje X / 00:00:04:008 / top(01) / input /      1.00000 para interface(07)
Mensaje D / 00:00:04:008 / interface(07) / ... para top(01)
Mensaje D / 00:00:04:008 / top(01) / 00:00:00:000 para Root(00)
Mensaje * / 00:00:04:008 / Root(00) para top(01)
Mensaje * / 00:00:04:008 / top(01) para reuse(03)
Mensaje Y / 00:00:04:008 / reuse(03) / solution /      1.00000 para top(01)
Mensaje Y / 00:00:04:008 / reuse(03) / adapted /      0.00000 para top(01)
Mensaje D / 00:00:04:008 / reuse(03) / ... para top(01)
Mensaje X / 00:00:04:008 / top(01) / solution /      1.00000 para interface(07)
Mensaje X / 00:00:04:008 / top(01) / adapted /      0.00000 para revise(06)
Mensaje D / 00:00:04:008 / interface(07) / 00:00:00:000 para top(01)
Mensaje D / 00:00:04:008 / revise(06) / ... para top(01)
Mensaje D / 00:00:04:008 / top(01) / 00:00:00:000 para Root(00)
Mensaje * / 00:00:04:008 / Root(00) para top(01)
Mensaje * / 00:00:04:008 / top(01) para interface(07)
Mensaje Y / 00:00:04:008 / interface(07) / feedback /      0.00000 para top(01)
Mensaje D / 00:00:04:008 / interface(07) / ... para top(01)
Mensaje X / 00:00:04:008 / top(01) / feedback /      0.00000 para revise(06)
Mensaje D / 00:00:04:008 / revise(06) / 00:00:00:011 para top(01)
Mensaje D / 00:00:04:008 / top(01) / 00:00:00:011 para Root(00)
Mensaje X / 00:00:04:009 / Root(00) / input /      1.00000 para top(01)
Mensaje X / 00:00:04:009 / top(01) / input /      1.00000 para interface(07)
Mensaje D / 00:00:04:009 / interface(07) / ... para top(01)
Mensaje D / 00:00:04:009 / top(01) / 00:00:00:010 para Root(00)
Mensaje X / 00:00:04:010 / Root(00) / input /      1.00000 para top(01)
Mensaje X / 00:00:04:010 / top(01) / input /      1.00000 para interface(07)
Mensaje D / 00:00:04:010 / interface(07) / ... para top(01)
Mensaje D / 00:00:04:010 / top(01) / 00:00:00:009 para Root(00)
Mensaje X / 00:00:04:011 / Root(00) / input /      1.00000 para top(01)
Mensaje X / 00:00:04:011 / top(01) / input /      1.00000 para interface(07)
Mensaje D / 00:00:04:011 / interface(07) / ... para top(01)
Mensaje D / 00:00:04:011 / top(01) / 00:00:00:008 para Root(00)
Mensaje X / 00:00:04:012 / Root(00) / input /      1.00000 para top(01)
Mensaje X / 00:00:04:012 / top(01) / input /      1.00000 para interface(07)
Mensaje D / 00:00:04:012 / interface(07) / ... para top(01)
Mensaje D / 00:00:04:012 / top(01) / 00:00:00:007 para Root(00)
Mensaje X / 00:00:04:013 / Root(00) / input /      1.00000 para top(01)
Mensaje X / 00:00:04:013 / top(01) / input /      1.00000 para interface(07)
Mensaje D / 00:00:04:013 / interface(07) / ... para top(01)
Mensaje D / 00:00:04:013 / top(01) / 00:00:00:006 para Root(00)
Mensaje X / 00:00:04:014 / Root(00) / input /      1.00000 para top(01)
Mensaje X / 00:00:04:014 / top(01) / input /      1.00000 para interface(07)
Mensaje D / 00:00:04:014 / interface(07) / ... para top(01)
Mensaje D / 00:00:04:014 / top(01) / 00:00:00:005 para Root(00)
Mensaje X / 00:00:04:015 / Root(00) / input /      1.00000 para top(01)
Mensaje X / 00:00:04:015 / top(01) / input /      1.00000 para interface(07)
Mensaje D / 00:00:04:015 / interface(07) / ... para top(01)
Mensaje D / 00:00:04:015 / top(01) / 00:00:00:004 para Root(00)
Mensaje X / 00:00:04:016 / Root(00) / input /      1.00000 para top(01)
Mensaje X / 00:00:04:016 / top(01) / input /      1.00000 para interface(07)
Mensaje D / 00:00:04:016 / interface(07) / ... para top(01)
Mensaje D / 00:00:04:016 / top(01) / 00:00:00:003 para Root(00)
Mensaje * / 00:00:04:019 / Root(00) para top(01)
Mensaje * / 00:00:04:019 / top(01) para revise(06)
Mensaje Y / 00:00:04:019 / revise(06) / solution /      1.00000 para top(01)
Mensaje D / 00:00:04:019 / revise(06) / ... para top(01)
Mensaje X / 00:00:04:019 / top(01) / solution /      1.00000 para interface(07)
Mensaje D / 00:00:04:019 / interface(07) / 00:00:00:000 para top(01)
Mensaje D / 00:00:04:019 / top(01) / 00:00:00:000 para Root(00)
Mensaje * / 00:00:04:019 / Root(00) para top(01)
Mensaje * / 00:00:04:019 / top(01) para interface(07)
Mensaje Y / 00:00:04:019 / interface(07) / feedback /      1.00000 para top(01)
Mensaje D / 00:00:04:019 / interface(07) / 00:00:00:000 para top(01)
Mensaje X / 00:00:04:019 / top(01) / feedback /      1.00000 para revise(06)
Mensaje D / 00:00:04:019 / revise(06) / 00:00:00:002 para top(01)
Mensaje D / 00:00:04:019 / top(01) / 00:00:00:000 para Root(00)
Mensaje * / 00:00:04:019 / Root(00) para top(01)
Mensaje * / 00:00:04:019 / top(01) para interface(07)
Mensaje Y / 00:00:04:019 / interface(07) / output /      1.00000 para top(01)
Mensaje D / 00:00:04:019 / interface(07) / ... para top(01)
Mensaje Y / 00:00:04:019 / top(01) / output /      1.00000 para Root(00)
Mensaje D / 00:00:04:019 / top(01) / 00:00:00:002 para Root(00)
Mensaje * / 00:00:04:021 / Root(00) para top(01)
Mensaje * / 00:00:04:021 / top(01) para revise(06)
Mensaje Y / 00:00:04:021 / revise(06) / fixed /      0.00000 para top(01)
Mensaje D / 00:00:04:021 / revise(06) / ... para top(01)
Mensaje X / 00:00:04:021 / top(01) / in /      0.00000 para retain(05)
Mensaje D / 00:00:04:021 / retain(05) / ... para top(01)
Mensaje D / 00:00:04:021 / top(01) / ... para Root(00)
