Mensaje I / 00:00:00:000 / Root(00) para top(01)
Mensaje I / 00:00:00:000 / top(01) para retrieve(02)
Mensaje I / 00:00:00:000 / top(01) para reuse(03)
Mensaje I / 00:00:00:000 / top(01) para casebase(04)
Mensaje I / 00:00:00:000 / top(01) para retain(05)
Mensaje I / 00:00:00:000 / top(01) para revise(06)
Mensaje D / 00:00:00:000 / retrieve(02) / ... para top(01)
Mensaje D / 00:00:00:000 / reuse(03) / ... para top(01)
Mensaje D / 00:00:00:000 / casebase(04) / ... para top(01)
Mensaje D / 00:00:00:000 / retain(05) / ... para top(01)
Mensaje D / 00:00:00:000 / revise(06) / ... para top(01)
Mensaje D / 00:00:00:000 / top(01) / ... para Root(00)
Mensaje X / 00:00:00:000 / Root(00) / query /      1.00000 para top(01)
Mensaje X / 00:00:00:000 / top(01) / query /      1.00000 para retrieve(02)
Mensaje D / 00:00:00:000 / retrieve(02) / 00:00:00:000 para top(01)
Mensaje D / 00:00:00:000 / top(01) / 00:00:00:000 para Root(00)
Mensaje * / 00:00:00:000 / Root(00) para top(01)
Mensaje * / 00:00:00:000 / top(01) para retrieve(02)
Mensaje Y / 00:00:00:000 / retrieve(02) / retrieve /      1.00000 para top(01)
Mensaje D / 00:00:00:000 / retrieve(02) / ... para top(01)
Mensaje X / 00:00:00:000 / top(01) / retrieve /      1.00000 para casebase(04)
Mensaje D / 00:00:00:000 / casebase(04) / 00:00:00:000 para top(01)
Mensaje D / 00:00:00:000 / top(01) / 00:00:00:000 para Root(00)
Mensaje * / 00:00:00:000 / Root(00) para top(01)
Mensaje * / 00:00:00:000 / top(01) para casebase(04)
Mensaje Y / 00:00:00:000 / casebase(04) / provide /      0.00000 para top(01)
Mensaje D / 00:00:00:000 / casebase(04) / ... para top(01)
Mensaje X / 00:00:00:000 / top(01) / provide /      0.00000 para retrieve(02)
Mensaje D / 00:00:00:000 / retrieve(02) / 00:00:00:000 para top(01)
Mensaje D / 00:00:00:000 / top(01) / 00:00:00:000 para Root(00)
Mensaje * / 00:00:00:000 / Root(00) para top(01)
Mensaje * / 00:00:00:000 / top(01) para retrieve(02)
Mensaje Y / 00:00:00:000 / retrieve(02) / proposed /      1.00000 para top(01)
Mensaje D / 00:00:00:000 / retrieve(02) / ... para top(01)
Mensaje X / 00:00:00:000 / top(01) / proposed /      1.00000 para reuse(03)
Mensaje D / 00:00:00:000 / reuse(03) / 00:00:00:008 para top(01)
Mensaje D / 00:00:00:000 / top(01) / 00:00:00:008 para Root(00)
Mensaje * / 00:00:00:008 / Root(00) para top(01)
Mensaje * / 00:00:00:008 / top(01) para reuse(03)
Mensaje Y / 00:00:00:008 / reuse(03) / solution /      1.00000 para top(01)
Mensaje Y / 00:00:00:008 / reuse(03) / adapted /      0.00000 para top(01)
Mensaje D / 00:00:00:008 / reuse(03) / ... para top(01)
Mensaje Y / 00:00:00:008 / top(01) / solution /      1.00000 para Root(00)
Mensaje X / 00:00:00:008 / top(01) / adapted /      0.00000 para revise(06)
Mensaje D / 00:00:00:008 / revise(06) / ... para top(01)
Mensaje D / 00:00:00:008 / top(01) / ... para Root(00)
Mensaje X / 00:00:00:100 / Root(00) / feedback /      1.00000 para top(01)
Mensaje X / 00:00:00:100 / top(01) / feedback /      1.00000 para revise(06)
Mensaje D / 00:00:00:100 / revise(06) / 00:00:00:006 para top(01)
Mensaje D / 00:00:00:100 / top(01) / 00:00:00:006 para Root(00)
Mensaje * / 00:00:00:106 / Root(00) para top(01)
Mensaje * / 00:00:00:106 / top(01) para revise(06)
Mensaje Y / 00:00:00:106 / revise(06) / fixed /      0.00000 para top(01)
Mensaje D / 00:00:00:106 / revise(06) / ... para top(01)
Mensaje X / 00:00:00:106 / top(01) / in /      0.00000 para retain(05)
Mensaje D / 00:00:00:106 / retain(05) / ... para top(01)
Mensaje D / 00:00:00:106 / top(01) / ... para Root(00)
Mensaje X / 00:00:01:000 / Root(00) / query /      1.00000 para top(01)
Mensaje X / 00:00:01:000 / top(01) / query /      1.00000 para retrieve(02)
Mensaje D / 00:00:01:000 / retrieve(02) / 00:00:00:000 para top(01)
Mensaje D / 00:00:01:000 / top(01) / 00:00:00:000 para Root(00)
Mensaje * / 00:00:01:000 / Root(00) para top(01)
Mensaje * / 00:00:01:000 / top(01) para retrieve(02)
Mensaje Y / 00:00:01:000 / retrieve(02) / retrieve /      1.00000 para top(01)
Mensaje D / 00:00:01:000 / retrieve(02) / ... para top(01)
Mensaje X / 00:00:01:000 / top(01) / retrieve /      1.00000 para casebase(04)
Mensaje D / 00:00:01:000 / casebase(04) / 00:00:00:001 para top(01)
Mensaje D / 00:00:01:000 / top(01) / 00:00:00:001 para Root(00)
Mensaje * / 00:00:01:001 / Root(00) para top(01)
Mensaje * / 00:00:01:001 / top(01) para casebase(04)
Mensaje Y / 00:00:01:001 / casebase(04) / provide /      0.00000 para top(01)
Mensaje D / 00:00:01:001 / casebase(04) / ... para top(01)
Mensaje X / 00:00:01:001 / top(01) / provide /      0.00000 para retrieve(02)
Mensaje D / 00:00:01:001 / retrieve(02) / 00:00:00:000 para top(01)
Mensaje D / 00:00:01:001 / top(01) / 00:00:00:000 para Root(00)
Mensaje * / 00:00:01:001 / Root(00) para top(01)
Mensaje * / 00:00:01:001 / top(01) para retrieve(02)
Mensaje Y / 00:00:01:001 / retrieve(02) / proposed /      1.00000 para top(01)
Mensaje D / 00:00:01:001 / retrieve(02) / ... para top(01)
Mensaje X / 00:00:01:001 / top(01) / proposed /      1.00000 para reuse(03)
Mensaje D / 00:00:01:001 / reuse(03) / 00:00:00:008 para top(01)
Mensaje D / 00:00:01:001 / top(01) / 00:00:00:008 para Root(00)
Mensaje * / 00:00:01:009 / Root(00) para top(01)
Mensaje * / 00:00:01:009 / top(01) para reuse(03)
Mensaje Y / 00:00:01:009 / reuse(03) / solution /      1.00000 para top(01)
Mensaje Y / 00:00:01:009 / reuse(03) / adapted /      0.00000 para top(01)
Mensaje D / 00:00:01:009 / reuse(03) / ... para top(01)
Mensaje Y / 00:00:01:009 / top(01) / solution /      1.00000 para Root(00)
Mensaje X / 00:00:01:009 / top(01) / adapted /      0.00000 para revise(06)
Mensaje D / 00:00:01:009 / revise(06) / ... para top(01)
Mensaje D / 00:00:01:009 / top(01) / ... para Root(00)
Mensaje X / 00:00:01:100 / Root(00) / feedback /      0.00000 para top(01)
Mensaje X / 00:00:01:100 / top(01) / feedback /      0.00000 para revise(06)
Mensaje D / 00:00:01:100 / revise(06) / 00:00:00:007 para top(01)
Mensaje D / 00:00:01:100 / top(01) / 00:00:00:007 para Root(00)
Mensaje * / 00:00:01:107 / Root(00) para top(01)
Mensaje * / 00:00:01:107 / top(01) para revise(06)
Mensaje Y / 00:00:01:107 / revise(06) / solution /      1.00000 para top(01)
Mensaje D / 00:00:01:107 / revise(06) / ... para top(01)
Mensaje Y / 00:00:01:107 / top(01) / solution /      1.00000 para Root(00)
Mensaje D / 00:00:01:107 / top(01) / ... para Root(00)
Mensaje X / 00:00:01:200 / Root(00) / feedback /      0.00000 para top(01)
Mensaje X / 00:00:01:200 / top(01) / feedback /      0.00000 para revise(06)
Mensaje D / 00:00:01:200 / revise(06) / 00:00:00:006 para top(01)
Mensaje D / 00:00:01:200 / top(01) / 00:00:00:006 para Root(00)
Mensaje * / 00:00:01:206 / Root(00) para top(01)
Mensaje * / 00:00:01:206 / top(01) para revise(06)
Mensaje Y / 00:00:01:206 / revise(06) / solution /      1.00000 para top(01)
Mensaje D / 00:00:01:206 / revise(06) / ... para top(01)
Mensaje Y / 00:00:01:206 / top(01) / solution /      1.00000 para Root(00)
Mensaje D / 00:00:01:206 / top(01) / ... para Root(00)
Mensaje X / 00:00:01:300 / Root(00) / feedback /      0.00000 para top(01)
Mensaje X / 00:00:01:300 / top(01) / feedback /      0.00000 para revise(06)
Mensaje D / 00:00:01:300 / revise(06) / 00:00:00:009 para top(01)
Mensaje D / 00:00:01:300 / top(01) / 00:00:00:009 para Root(00)
Mensaje * / 00:00:01:309 / Root(00) para top(01)
Mensaje * / 00:00:01:309 / top(01) para revise(06)
Mensaje Y / 00:00:01:309 / revise(06) / solution /      1.00000 para top(01)
Mensaje D / 00:00:01:309 / revise(06) / ... para top(01)
Mensaje Y / 00:00:01:309 / top(01) / solution /      1.00000 para Root(00)
Mensaje D / 00:00:01:309 / top(01) / ... para Root(00)
Mensaje X / 00:00:01:400 / Root(00) / feedback /      1.00000 para top(01)
Mensaje X / 00:00:01:400 / top(01) / feedback /      1.00000 para revise(06)
Mensaje D / 00:00:01:400 / revise(06) / 00:00:00:004 para top(01)
Mensaje D / 00:00:01:400 / top(01) / 00:00:00:004 para Root(00)
Mensaje * / 00:00:01:404 / Root(00) para top(01)
Mensaje * / 00:00:01:404 / top(01) para revise(06)
Mensaje Y / 00:00:01:404 / revise(06) / fixed /      1.00000 para top(01)
Mensaje D / 00:00:01:404 / revise(06) / ... para top(01)
Mensaje X / 00:00:01:404 / top(01) / in /      1.00000 para retain(05)
Mensaje D / 00:00:01:404 / retain(05) / 00:00:00:005 para top(01)
Mensaje D / 00:00:01:404 / top(01) / 00:00:00:005 para Root(00)
Mensaje * / 00:00:01:409 / Root(00) para top(01)
Mensaje * / 00:00:01:409 / top(01) para retain(05)
Mensaje Y / 00:00:01:409 / retain(05) / out /      1.00000 para top(01)
Mensaje D / 00:00:01:409 / retain(05) / ... para top(01)
Mensaje X / 00:00:01:409 / top(01) / store /      1.00000 para casebase(04)
Mensaje D / 00:00:01:409 / casebase(04) / 00:00:00:001 para top(01)
Mensaje D / 00:00:01:409 / top(01) / 00:00:00:001 para Root(00)
Mensaje * / 00:00:01:410 / Root(00) para top(01)
Mensaje * / 00:00:01:410 / top(01) para casebase(04)
Mensaje D / 00:00:01:410 / casebase(04) / ... para top(01)
Mensaje D / 00:00:01:410 / top(01) / ... para Root(00)
Mensaje X / 00:00:01:500 / Root(00) / feedback /      0.00000 para top(01)
Mensaje X / 00:00:01:500 / top(01) / feedback /      0.00000 para revise(06)
Mensaje D / 00:00:01:500 / revise(06) / ... para top(01)
Mensaje D / 00:00:01:500 / top(01) / ... para Root(00)
Mensaje X / 00:00:01:600 / Root(00) / feedback /      0.00000 para top(01)
Mensaje X / 00:00:01:600 / top(01) / feedback /      0.00000 para revise(06)
Mensaje D / 00:00:01:600 / revise(06) / ... para top(01)
Mensaje D / 00:00:01:600 / top(01) / ... para Root(00)
Mensaje X / 00:00:01:700 / Root(00) / feedback /      1.00000 para top(01)
Mensaje X / 00:00:01:700 / top(01) / feedback /      1.00000 para revise(06)
Mensaje D / 00:00:01:700 / revise(06) / ... para top(01)
Mensaje D / 00:00:01:700 / top(01) / ... para Root(00)
Mensaje X / 00:01:01:000 / Root(00) / query /      1.00000 para top(01)
Mensaje X / 00:01:01:000 / top(01) / query /      1.00000 para retrieve(02)
Mensaje D / 00:01:01:000 / retrieve(02) / 00:00:00:000 para top(01)
Mensaje D / 00:01:01:000 / top(01) / 00:00:00:000 para Root(00)
Mensaje * / 00:01:01:000 / Root(00) para top(01)
Mensaje * / 00:01:01:000 / top(01) para retrieve(02)
Mensaje Y / 00:01:01:000 / retrieve(02) / retrieve /      1.00000 para top(01)
Mensaje D / 00:01:01:000 / retrieve(02) / ... para top(01)
Mensaje X / 00:01:01:000 / top(01) / retrieve /      1.00000 para casebase(04)
Mensaje D / 00:01:01:000 / casebase(04) / 00:00:00:001 para top(01)
Mensaje D / 00:01:01:000 / top(01) / 00:00:00:001 para Root(00)
Mensaje * / 00:01:01:001 / Root(00) para top(01)
Mensaje * / 00:01:01:001 / top(01) para casebase(04)
Mensaje Y / 00:01:01:001 / casebase(04) / provide /      1.00000 para top(01)
Mensaje D / 00:01:01:001 / casebase(04) / ... para top(01)
Mensaje X / 00:01:01:001 / top(01) / provide /      1.00000 para retrieve(02)
Mensaje D / 00:01:01:001 / retrieve(02) / 00:00:00:000 para top(01)
Mensaje D / 00:01:01:001 / top(01) / 00:00:00:000 para Root(00)
Mensaje * / 00:01:01:001 / Root(00) para top(01)
Mensaje * / 00:01:01:001 / top(01) para retrieve(02)
Mensaje Y / 00:01:01:001 / retrieve(02) / proposed /      1.00000 para top(01)
Mensaje D / 00:01:01:001 / retrieve(02) / ... para top(01)
Mensaje X / 00:01:01:001 / top(01) / proposed /      1.00000 para reuse(03)
Mensaje D / 00:01:01:001 / reuse(03) / 00:00:00:005 para top(01)
Mensaje D / 00:01:01:001 / top(01) / 00:00:00:005 para Root(00)
Mensaje * / 00:01:01:006 / Root(00) para top(01)
Mensaje * / 00:01:01:006 / top(01) para reuse(03)
Mensaje Y / 00:01:01:006 / reuse(03) / solution /      1.00000 para top(01)
Mensaje Y / 00:01:01:006 / reuse(03) / adapted /      1.00000 para top(01)
Mensaje D / 00:01:01:006 / reuse(03) / ... para top(01)
Mensaje Y / 00:01:01:006 / top(01) / solution /      1.00000 para Root(00)
Mensaje X / 00:01:01:006 / top(01) / adapted /      1.00000 para revise(06)
Mensaje D / 00:01:01:006 / revise(06) / ... para top(01)
Mensaje D / 00:01:01:006 / top(01) / ... para Root(00)
Mensaje X / 00:01:01:100 / Root(00) / feedback /      0.00000 para top(01)
Mensaje X / 00:01:01:100 / top(01) / feedback /      0.00000 para revise(06)
Mensaje D / 00:01:01:100 / revise(06) / 00:00:00:006 para top(01)
Mensaje D / 00:01:01:100 / top(01) / 00:00:00:006 para Root(00)
Mensaje * / 00:01:01:106 / Root(00) para top(01)
Mensaje * / 00:01:01:106 / top(01) para revise(06)
Mensaje Y / 00:01:01:106 / revise(06) / solution /      1.00000 para top(01)
Mensaje D / 00:01:01:106 / revise(06) / ... para top(01)
Mensaje Y / 00:01:01:106 / top(01) / solution /      1.00000 para Root(00)
Mensaje D / 00:01:01:106 / top(01) / ... para Root(00)
Mensaje X / 00:01:01:200 / Root(00) / feedback /      0.00000 para top(01)
Mensaje X / 00:01:01:200 / top(01) / feedback /      0.00000 para revise(06)
Mensaje D / 00:01:01:200 / revise(06) / 00:00:00:008 para top(01)
Mensaje D / 00:01:01:200 / top(01) / 00:00:00:008 para Root(00)
Mensaje * / 00:01:01:208 / Root(00) para top(01)
Mensaje * / 00:01:01:208 / top(01) para revise(06)
Mensaje Y / 00:01:01:208 / revise(06) / solution /      1.00000 para top(01)
Mensaje D / 00:01:01:208 / revise(06) / ... para top(01)
Mensaje Y / 00:01:01:208 / top(01) / solution /      1.00000 para Root(00)
Mensaje D / 00:01:01:208 / top(01) / ... para Root(00)
Mensaje X / 00:01:01:300 / Root(00) / feedback /      0.00000 para top(01)
Mensaje X / 00:01:01:300 / top(01) / feedback /      0.00000 para revise(06)
Mensaje D / 00:01:01:300 / revise(06) / 00:00:00:011 para top(01)
Mensaje D / 00:01:01:300 / top(01) / 00:00:00:011 para Root(00)
Mensaje * / 00:01:01:311 / Root(00) para top(01)
Mensaje * / 00:01:01:311 / top(01) para revise(06)
Mensaje Y / 00:01:01:311 / revise(06) / solution /      1.00000 para top(01)
Mensaje D / 00:01:01:311 / revise(06) / ... para top(01)
Mensaje Y / 00:01:01:311 / top(01) / solution /      1.00000 para Root(00)
Mensaje D / 00:01:01:311 / top(01) / ... para Root(00)
Mensaje X / 00:01:01:400 / Root(00) / feedback /      1.00000 para top(01)
Mensaje X / 00:01:01:400 / top(01) / feedback /      1.00000 para revise(06)
Mensaje D / 00:01:01:400 / revise(06) / 00:00:00:007 para top(01)
Mensaje D / 00:01:01:400 / top(01) / 00:00:00:007 para Root(00)
Mensaje * / 00:01:01:407 / Root(00) para top(01)
Mensaje * / 00:01:01:407 / top(01) para revise(06)
Mensaje Y / 00:01:01:407 / revise(06) / fixed /      1.00000 para top(01)
Mensaje D / 00:01:01:407 / revise(06) / ... para top(01)
Mensaje X / 00:01:01:407 / top(01) / in /      1.00000 para retain(05)
Mensaje D / 00:01:01:407 / retain(05) / 00:00:00:006 para top(01)
Mensaje D / 00:01:01:407 / top(01) / 00:00:00:006 para Root(00)
Mensaje * / 00:01:01:413 / Root(00) para top(01)
Mensaje * / 00:01:01:413 / top(01) para retain(05)
Mensaje Y / 00:01:01:413 / retain(05) / out /      1.00000 para top(01)
Mensaje D / 00:01:01:413 / retain(05) / ... para top(01)
Mensaje X / 00:01:01:413 / top(01) / store /      1.00000 para casebase(04)
Mensaje D / 00:01:01:413 / casebase(04) / 00:00:00:000 para top(01)
Mensaje D / 00:01:01:413 / top(01) / 00:00:00:000 para Root(00)
Mensaje * / 00:01:01:413 / Root(00) para top(01)
Mensaje * / 00:01:01:413 / top(01) para casebase(04)
Mensaje D / 00:01:01:413 / casebase(04) / ... para top(01)
Mensaje D / 00:01:01:413 / top(01) / ... para Root(00)
