Mensaje I / 00:00:00:000 / Root(00) para top(01)
Mensaje I / 00:00:00:000 / top(01) para interface(02)
Mensaje D / 00:00:00:000 / interface(02) / ... para top(01)
Mensaje D / 00:00:00:000 / top(01) / ... para Root(00)
Mensaje X / 00:00:00:000 / Root(00) / input /      1.00000 para top(01)
Mensaje X / 00:00:00:000 / top(01) / input /      1.00000 para interface(02)
Mensaje D / 00:00:00:000 / interface(02) / 00:00:00:000 para top(01)
Mensaje D / 00:00:00:000 / top(01) / 00:00:00:000 para Root(00)
Mensaje * / 00:00:00:000 / Root(00) para top(01)
Mensaje * / 00:00:00:000 / top(01) para interface(02)
Mensaje Y / 00:00:00:000 / interface(02) / query /      1.00000 para top(01)
Mensaje D / 00:00:00:000 / interface(02) / ... para top(01)
Mensaje Y / 00:00:00:000 / top(01) / query /      1.00000 para Root(00)
Mensaje D / 00:00:00:000 / top(01) / ... para Root(00)
Mensaje X / 00:00:00:010 / Root(00) / solution /      1.00000 para top(01)
Mensaje X / 00:00:00:010 / top(01) / solution /      1.00000 para interface(02)
Mensaje D / 00:00:00:010 / interface(02) / 00:00:00:000 para top(01)
Mensaje D / 00:00:00:010 / top(01) / 00:00:00:000 para Root(00)
Mensaje * / 00:00:00:010 / Root(00) para top(01)
Mensaje * / 00:00:00:010 / top(01) para interface(02)
Mensaje Y / 00:00:00:010 / interface(02) / feedback /      1.00000 para top(01)
Mensaje D / 00:00:00:010 / interface(02) / 00:00:00:000 para top(01)
Mensaje Y / 00:00:00:010 / top(01) / feedback /      1.00000 para Root(00)
Mensaje D / 00:00:00:010 / top(01) / 00:00:00:000 para Root(00)
Mensaje * / 00:00:00:010 / Root(00) para top(01)
Mensaje * / 00:00:00:010 / top(01) para interface(02)
Mensaje Y / 00:00:00:010 / interface(02) / output /      1.00000 para top(01)
Mensaje D / 00:00:00:010 / interface(02) / ... para top(01)
Mensaje Y / 00:00:00:010 / top(01) / output /      1.00000 para Root(00)
Mensaje D / 00:00:00:010 / top(01) / ... para Root(00)
Mensaje X / 00:00:00:020 / Root(00) / solution /      1.00000 para top(01)
Mensaje X / 00:00:00:020 / top(01) / solution /      1.00000 para interface(02)
Mensaje D / 00:00:00:020 / interface(02) / ... para top(01)
Mensaje D / 00:00:00:020 / top(01) / ... para Root(00)
Mensaje X / 00:00:00:030 / Root(00) / solution /      1.00000 para top(01)
Mensaje X / 00:00:00:030 / top(01) / solution /      1.00000 para interface(02)
Mensaje D / 00:00:00:030 / interface(02) / ... para top(01)
Mensaje D / 00:00:00:030 / top(01) / ... para Root(00)
Mensaje X / 00:00:00:040 / Root(00) / solution /      1.00000 para top(01)
Mensaje X / 00:00:00:040 / top(01) / solution /      1.00000 para interface(02)
Mensaje D / 00:00:00:040 / interface(02) / ... para top(01)
Mensaje D / 00:00:00:040 / top(01) / ... para Root(00)
Mensaje X / 00:00:01:000 / Root(00) / input /      1.00000 para top(01)
Mensaje X / 00:00:01:000 / top(01) / input /      1.00000 para interface(02)
Mensaje D / 00:00:01:000 / interface(02) / 00:00:00:000 para top(01)
Mensaje D / 00:00:01:000 / top(01) / 00:00:00:000 para Root(00)
Mensaje * / 00:00:01:000 / Root(00) para top(01)
Mensaje * / 00:00:01:000 / top(01) para interface(02)
Mensaje Y / 00:00:01:000 / interface(02) / query /      1.00000 para top(01)
Mensaje D / 00:00:01:000 / interface(02) / ... para top(01)
Mensaje Y / 00:00:01:000 / top(01) / query /      1.00000 para Root(00)
Mensaje D / 00:00:01:000 / top(01) / ... para Root(00)
Mensaje X / 00:00:01:010 / Root(00) / solution /      1.00000 para top(01)
Mensaje X / 00:00:01:010 / top(01) / solution /      1.00000 para interface(02)
Mensaje D / 00:00:01:010 / interface(02) / 00:00:00:001 para top(01)
Mensaje D / 00:00:01:010 / top(01) / 00:00:00:001 para Root(00)
Mensaje * / 00:00:01:011 / Root(00) para top(01)
Mensaje * / 00:00:01:011 / top(01) para interface(02)
Mensaje Y / 00:00:01:011 / interface(02) / feedback /      1.00000 para top(01)
Mensaje D / 00:00:01:011 / interface(02) / 00:00:00:000 para top(01)
Mensaje Y / 00:00:01:011 / top(01) / feedback /      1.00000 para Root(00)
Mensaje D / 00:00:01:011 / top(01) / 00:00:00:000 para Root(00)
Mensaje * / 00:00:01:011 / Root(00) para top(01)
Mensaje * / 00:00:01:011 / top(01) para interface(02)
Mensaje Y / 00:00:01:011 / interface(02) / output /      1.00000 para top(01)
Mensaje D / 00:00:01:011 / interface(02) / ... para top(01)
Mensaje Y / 00:00:01:011 / top(01) / output /      1.00000 para Root(00)
Mensaje D / 00:00:01:011 / top(01) / ... para Root(00)
Mensaje X / 00:00:02:000 / Root(00) / input /      1.00000 para top(01)
Mensaje X / 00:00:02:000 / top(01) / input /      1.00000 para interface(02)
Mensaje D / 00:00:02:000 / interface(02) / 00:00:00:000 para top(01)
Mensaje D / 00:00:02:000 / top(01) / 00:00:00:000 para Root(00)
Mensaje * / 00:00:02:000 / Root(00) para top(01)
Mensaje * / 00:00:02:000 / top(01) para interface(02)
Mensaje Y / 00:00:02:000 / interface(02) / query /      1.00000 para top(01)
Mensaje D / 00:00:02:000 / interface(02) / ... para top(01)
Mensaje Y / 00:00:02:000 / top(01) / query /      1.00000 para Root(00)
Mensaje D / 00:00:02:000 / top(01) / ... para Root(00)
Mensaje X / 00:00:02:010 / Root(00) / solution /      1.00000 para top(01)
Mensaje X / 00:00:02:010 / top(01) / solution /      1.00000 para interface(02)
Mensaje D / 00:00:02:010 / interface(02) / 00:00:00:001 para top(01)
Mensaje D / 00:00:02:010 / top(01) / 00:00:00:001 para Root(00)
Mensaje * / 00:00:02:011 / Root(00) para top(01)
Mensaje * / 00:00:02:011 / top(01) para interface(02)
Mensaje Y / 00:00:02:011 / interface(02) / feedback /      1.00000 para top(01)
Mensaje D / 00:00:02:011 / interface(02) / 00:00:00:000 para top(01)
Mensaje Y / 00:00:02:011 / top(01) / feedback /      1.00000 para Root(00)
Mensaje D / 00:00:02:011 / top(01) / 00:00:00:000 para Root(00)
Mensaje * / 00:00:02:011 / Root(00) para top(01)
Mensaje * / 00:00:02:011 / top(01) para interface(02)
Mensaje Y / 00:00:02:011 / interface(02) / output /      1.00000 para top(01)
Mensaje D / 00:00:02:011 / interface(02) / ... para top(01)
Mensaje Y / 00:00:02:011 / top(01) / output /      1.00000 para Root(00)
Mensaje D / 00:00:02:011 / top(01) / ... para Root(00)
Mensaje X / 00:00:03:000 / Root(00) / input /      1.00000 para top(01)
Mensaje X / 00:00:03:000 / top(01) / input /      1.00000 para interface(02)
Mensaje D / 00:00:03:000 / interface(02) / 00:00:00:001 para top(01)
Mensaje D / 00:00:03:000 / top(01) / 00:00:00:001 para Root(00)
Mensaje * / 00:00:03:001 / Root(00) para top(01)
Mensaje * / 00:00:03:001 / top(01) para interface(02)
Mensaje Y / 00:00:03:001 / interface(02) / query /      1.00000 para top(01)
Mensaje D / 00:00:03:001 / interface(02) / ... para top(01)
Mensaje Y / 00:00:03:001 / top(01) / query /      1.00000 para Root(00)
Mensaje D / 00:00:03:001 / top(01) / ... para Root(00)
Mensaje X / 00:00:03:010 / Root(00) / solution /      1.00000 para top(01)
Mensaje X / 00:00:03:010 / top(01) / solution /      1.00000 para interface(02)
Mensaje D / 00:00:03:010 / interface(02) / 00:00:00:001 para top(01)
Mensaje D / 00:00:03:010 / top(01) / 00:00:00:001 para Root(00)
Mensaje * / 00:00:03:011 / Root(00) para top(01)
Mensaje * / 00:00:03:011 / top(01) para interface(02)
Mensaje Y / 00:00:03:011 / interface(02) / feedback /      1.00000 para top(01)
Mensaje D / 00:00:03:011 / interface(02) / 00:00:00:000 para top(01)
Mensaje Y / 00:00:03:011 / top(01) / feedback /      1.00000 para Root(00)
Mensaje D / 00:00:03:011 / top(01) / 00:00:00:000 para Root(00)
Mensaje * / 00:00:03:011 / Root(00) para top(01)
Mensaje * / 00:00:03:011 / top(01) para interface(02)
Mensaje Y / 00:00:03:011 / interface(02) / output /      1.00000 para top(01)
Mensaje D / 00:00:03:011 / interface(02) / ... para top(01)
Mensaje Y / 00:00:03:011 / top(01) / output /      1.00000 para Root(00)
Mensaje D / 00:00:03:011 / top(01) / ... para Root(00)
Mensaje X / 00:00:04:000 / Root(00) / input /      1.00000 para top(01)
Mensaje X / 00:00:04:000 / top(01) / input /      1.00000 para interface(02)
Mensaje D / 00:00:04:000 / interface(02) / 00:00:00:001 para top(01)
Mensaje D / 00:00:04:000 / top(01) / 00:00:00:001 para Root(00)
Mensaje * / 00:00:04:001 / Root(00) para top(01)
Mensaje * / 00:00:04:001 / top(01) para interface(02)
Mensaje Y / 00:00:04:001 / interface(02) / query /      1.00000 para top(01)
Mensaje D / 00:00:04:001 / interface(02) / ... para top(01)
Mensaje Y / 00:00:04:001 / top(01) / query /      1.00000 para Root(00)
Mensaje D / 00:00:04:001 / top(01) / ... para Root(00)
Mensaje X / 00:00:04:010 / Root(00) / solution /      1.00000 para top(01)
Mensaje X / 00:00:04:010 / top(01) / solution /      1.00000 para interface(02)
Mensaje D / 00:00:04:010 / interface(02) / 00:00:00:000 para top(01)
Mensaje D / 00:00:04:010 / top(01) / 00:00:00:000 para Root(00)
Mensaje * / 00:00:04:010 / Root(00) para top(01)
Mensaje * / 00:00:04:010 / top(01) para interface(02)
Mensaje Y / 00:00:04:010 / interface(02) / feedback /      0.00000 para top(01)
Mensaje D / 00:00:04:010 / interface(02) / ... para top(01)
Mensaje Y / 00:00:04:010 / top(01) / feedback /      0.00000 para Root(00)
Mensaje D / 00:00:04:010 / top(01) / ... para Root(00)
Mensaje X / 00:00:05:000 / Root(00) / input /      1.00000 para top(01)
Mensaje X / 00:00:05:000 / top(01) / input /      1.00000 para interface(02)
Mensaje D / 00:00:05:000 / interface(02) / ... para top(01)
Mensaje D / 00:00:05:000 / top(01) / ... para Root(00)
Mensaje X / 00:00:05:010 / Root(00) / solution /      1.00000 para top(01)
Mensaje X / 00:00:05:010 / top(01) / solution /      1.00000 para interface(02)
Mensaje D / 00:00:05:010 / interface(02) / 00:00:00:000 para top(01)
Mensaje D / 00:00:05:010 / top(01) / 00:00:00:000 para Root(00)
Mensaje * / 00:00:05:010 / Root(00) para top(01)
Mensaje * / 00:00:05:010 / top(01) para interface(02)
Mensaje Y / 00:00:05:010 / interface(02) / feedback /      1.00000 para top(01)
Mensaje D / 00:00:05:010 / interface(02) / 00:00:00:000 para top(01)
Mensaje Y / 00:00:05:010 / top(01) / feedback /      1.00000 para Root(00)
Mensaje D / 00:00:05:010 / top(01) / 00:00:00:000 para Root(00)
Mensaje * / 00:00:05:010 / Root(00) para top(01)
Mensaje * / 00:00:05:010 / top(01) para interface(02)
Mensaje Y / 00:00:05:010 / interface(02) / output /      1.00000 para top(01)
Mensaje D / 00:00:05:010 / interface(02) / ... para top(01)
Mensaje Y / 00:00:05:010 / top(01) / output /      1.00000 para Root(00)
Mensaje D / 00:00:05:010 / top(01) / ... para Root(00)
Mensaje X / 00:00:06:000 / Root(00) / input /      1.00000 para top(01)
Mensaje X / 00:00:06:000 / top(01) / input /      1.00000 para interface(02)
Mensaje D / 00:00:06:000 / interface(02) / 00:00:00:001 para top(01)
Mensaje D / 00:00:06:000 / top(01) / 00:00:00:001 para Root(00)
Mensaje * / 00:00:06:001 / Root(00) para top(01)
Mensaje * / 00:00:06:001 / top(01) para interface(02)
Mensaje Y / 00:00:06:001 / interface(02) / query /      1.00000 para top(01)
Mensaje D / 00:00:06:001 / interface(02) / ... para top(01)
Mensaje Y / 00:00:06:001 / top(01) / query /      1.00000 para Root(00)
Mensaje D / 00:00:06:001 / top(01) / ... para Root(00)
Mensaje X / 00:00:06:010 / Root(00) / solution /      1.00000 para top(01)
Mensaje X / 00:00:06:010 / top(01) / solution /      1.00000 para interface(02)
Mensaje D / 00:00:06:010 / interface(02) / 00:00:00:000 para top(01)
Mensaje D / 00:00:06:010 / top(01) / 00:00:00:000 para Root(00)
Mensaje * / 00:00:06:010 / Root(00) para top(01)
Mensaje * / 00:00:06:010 / top(01) para interface(02)
Mensaje Y / 00:00:06:010 / interface(02) / feedback /      0.00000 para top(01)
Mensaje D / 00:00:06:010 / interface(02) / ... para top(01)
Mensaje Y / 00:00:06:010 / top(01) / feedback /      0.00000 para Root(00)
Mensaje D / 00:00:06:010 / top(01) / ... para Root(00)
Mensaje X / 00:00:07:000 / Root(00) / input /      1.00000 para top(01)
Mensaje X / 00:00:07:000 / top(01) / input /      1.00000 para interface(02)
Mensaje D / 00:00:07:000 / interface(02) / ... para top(01)
Mensaje D / 00:00:07:000 / top(01) / ... para Root(00)
Mensaje X / 00:00:07:010 / Root(00) / solution /      1.00000 para top(01)
Mensaje X / 00:00:07:010 / top(01) / solution /      1.00000 para interface(02)
Mensaje D / 00:00:07:010 / interface(02) / 00:00:00:001 para top(01)
Mensaje D / 00:00:07:010 / top(01) / 00:00:00:001 para Root(00)
Mensaje * / 00:00:07:011 / Root(00) para top(01)
Mensaje * / 00:00:07:011 / top(01) para interface(02)
Mensaje Y / 00:00:07:011 / interface(02) / feedback /      1.00000 para top(01)
Mensaje D / 00:00:07:011 / interface(02) / 00:00:00:000 para top(01)
Mensaje Y / 00:00:07:011 / top(01) / feedback /      1.00000 para Root(00)
Mensaje D / 00:00:07:011 / top(01) / 00:00:00:000 para Root(00)
Mensaje * / 00:00:07:011 / Root(00) para top(01)
Mensaje * / 00:00:07:011 / top(01) para interface(02)
Mensaje Y / 00:00:07:011 / interface(02) / output /      1.00000 para top(01)
Mensaje D / 00:00:07:011 / interface(02) / ... para top(01)
Mensaje Y / 00:00:07:011 / top(01) / output /      1.00000 para Root(00)
Mensaje D / 00:00:07:011 / top(01) / ... para Root(00)
Mensaje X / 00:00:08:000 / Root(00) / input /      1.00000 para top(01)
Mensaje X / 00:00:08:000 / top(01) / input /      1.00000 para interface(02)
Mensaje D / 00:00:08:000 / interface(02) / 00:00:00:001 para top(01)
Mensaje D / 00:00:08:000 / top(01) / 00:00:00:001 para Root(00)
Mensaje * / 00:00:08:001 / Root(00) para top(01)
Mensaje * / 00:00:08:001 / top(01) para interface(02)
Mensaje Y / 00:00:08:001 / interface(02) / query /      1.00000 para top(01)
Mensaje D / 00:00:08:001 / interface(02) / ... para top(01)
Mensaje Y / 00:00:08:001 / top(01) / query /      1.00000 para Root(00)
Mensaje D / 00:00:08:001 / top(01) / ... para Root(00)
Mensaje X / 00:00:08:010 / Root(00) / solution /      1.00000 para top(01)
Mensaje X / 00:00:08:010 / top(01) / solution /      1.00000 para interface(02)
Mensaje D / 00:00:08:010 / interface(02) / 00:00:00:001 para top(01)
Mensaje D / 00:00:08:010 / top(01) / 00:00:00:001 para Root(00)
Mensaje * / 00:00:08:011 / Root(00) para top(01)
Mensaje * / 00:00:08:011 / top(01) para interface(02)
Mensaje Y / 00:00:08:011 / interface(02) / feedback /      1.00000 para top(01)
Mensaje D / 00:00:08:011 / interface(02) / 00:00:00:000 para top(01)
Mensaje Y / 00:00:08:011 / top(01) / feedback /      1.00000 para Root(00)
Mensaje D / 00:00:08:011 / top(01) / 00:00:00:000 para Root(00)
Mensaje * / 00:00:08:011 / Root(00) para top(01)
Mensaje * / 00:00:08:011 / top(01) para interface(02)
Mensaje Y / 00:00:08:011 / interface(02) / output /      1.00000 para top(01)
Mensaje D / 00:00:08:011 / interface(02) / ... para top(01)
Mensaje Y / 00:00:08:011 / top(01) / output /      1.00000 para Root(00)
Mensaje D / 00:00:08:011 / top(01) / ... para Root(00)
Mensaje X / 00:00:09:000 / Root(00) / input /      1.00000 para top(01)
Mensaje X / 00:00:09:000 / top(01) / input /      1.00000 para interface(02)
Mensaje D / 00:00:09:000 / interface(02) / 00:00:00:001 para top(01)
Mensaje D / 00:00:09:000 / top(01) / 00:00:00:001 para Root(00)
Mensaje * / 00:00:09:001 / Root(00) para top(01)
Mensaje * / 00:00:09:001 / top(01) para interface(02)
Mensaje Y / 00:00:09:001 / interface(02) / query /      1.00000 para top(01)
Mensaje D / 00:00:09:001 / interface(02) / ... para top(01)
Mensaje Y / 00:00:09:001 / top(01) / query /      1.00000 para Root(00)
Mensaje D / 00:00:09:001 / top(01) / ... para Root(00)
Mensaje X / 00:00:09:010 / Root(00) / solution /      1.00000 para top(01)
Mensaje X / 00:00:09:010 / top(01) / solution /      1.00000 para interface(02)
Mensaje D / 00:00:09:010 / interface(02) / 00:00:00:000 para top(01)
Mensaje D / 00:00:09:010 / top(01) / 00:00:00:000 para Root(00)
Mensaje * / 00:00:09:010 / Root(00) para top(01)
Mensaje * / 00:00:09:010 / top(01) para interface(02)
Mensaje Y / 00:00:09:010 / interface(02) / feedback /      1.00000 para top(01)
Mensaje D / 00:00:09:010 / interface(02) / 00:00:00:000 para top(01)
Mensaje Y / 00:00:09:010 / top(01) / feedback /      1.00000 para Root(00)
Mensaje D / 00:00:09:010 / top(01) / 00:00:00:000 para Root(00)
Mensaje * / 00:00:09:010 / Root(00) para top(01)
Mensaje * / 00:00:09:010 / top(01) para interface(02)
Mensaje Y / 00:00:09:010 / interface(02) / output /      1.00000 para top(01)
Mensaje D / 00:00:09:010 / interface(02) / ... para top(01)
Mensaje Y / 00:00:09:010 / top(01) / output /      1.00000 para Root(00)
Mensaje D / 00:00:09:010 / top(01) / ... para Root(00)
Mensaje X / 00:00:10:000 / Root(00) / input /      1.00000 para top(01)
Mensaje X / 00:00:10:000 / top(01) / input /      1.00000 para interface(02)
Mensaje D / 00:00:10:000 / interface(02) / 00:00:00:000 para top(01)
Mensaje D / 00:00:10:000 / top(01) / 00:00:00:000 para Root(00)
Mensaje * / 00:00:10:000 / Root(00) para top(01)
Mensaje * / 00:00:10:000 / top(01) para interface(02)
Mensaje Y / 00:00:10:000 / interface(02) / query /      1.00000 para top(01)
Mensaje D / 00:00:10:000 / interface(02) / ... para top(01)
Mensaje Y / 00:00:10:000 / top(01) / query /      1.00000 para Root(00)
Mensaje D / 00:00:10:000 / top(01) / ... para Root(00)
Mensaje X / 00:00:10:010 / Root(00) / solution /      1.00000 para top(01)
Mensaje X / 00:00:10:010 / top(01) / solution /      1.00000 para interface(02)
Mensaje D / 00:00:10:010 / interface(02) / 00:00:00:000 para top(01)
Mensaje D / 00:00:10:010 / top(01) / 00:00:00:000 para Root(00)
Mensaje * / 00:00:10:010 / Root(00) para top(01)
Mensaje * / 00:00:10:010 / top(01) para interface(02)
Mensaje Y / 00:00:10:010 / interface(02) / feedback /      1.00000 para top(01)
Mensaje D / 00:00:10:010 / interface(02) / 00:00:00:000 para top(01)
Mensaje Y / 00:00:10:010 / top(01) / feedback /      1.00000 para Root(00)
Mensaje D / 00:00:10:010 / top(01) / 00:00:00:000 para Root(00)
Mensaje * / 00:00:10:010 / Root(00) para top(01)
Mensaje * / 00:00:10:010 / top(01) para interface(02)
Mensaje Y / 00:00:10:010 / interface(02) / output /      1.00000 para top(01)
Mensaje D / 00:00:10:010 / interface(02) / ... para top(01)
Mensaje Y / 00:00:10:010 / top(01) / output /      1.00000 para Root(00)
Mensaje D / 00:00:10:010 / top(01) / ... para Root(00)
Mensaje X / 00:00:11:000 / Root(00) / input /      1.00000 para top(01)
Mensaje X / 00:00:11:000 / top(01) / input /      1.00000 para interface(02)
Mensaje D / 00:00:11:000 / interface(02) / 00:00:00:001 para top(01)
Mensaje D / 00:00:11:000 / top(01) / 00:00:00:001 para Root(00)
Mensaje * / 00:00:11:001 / Root(00) para top(01)
Mensaje * / 00:00:11:001 / top(01) para interface(02)
Mensaje Y / 00:00:11:001 / interface(02) / query /      1.00000 para top(01)
Mensaje D / 00:00:11:001 / interface(02) / ... para top(01)
Mensaje Y / 00:00:11:001 / top(01) / query /      1.00000 para Root(00)
Mensaje D / 00:00:11:001 / top(01) / ... para Root(00)
Mensaje X / 00:00:11:010 / Root(00) / input /      1.00000 para top(01)
Mensaje X / 00:00:11:010 / top(01) / input /      1.00000 para interface(02)
Mensaje D / 00:00:11:010 / interface(02) / ... para top(01)
Mensaje D / 00:00:11:010 / top(01) / ... para Root(00)
Mensaje X / 00:00:11:020 / Root(00) / input /      1.00000 para top(01)
Mensaje X / 00:00:11:020 / top(01) / input /      1.00000 para interface(02)
Mensaje D / 00:00:11:020 / interface(02) / ... para top(01)
Mensaje D / 00:00:11:020 / top(01) / ... para Root(00)
Mensaje X / 00:00:11:030 / Root(00) / solution /      1.00000 para top(01)
Mensaje X / 00:00:11:030 / top(01) / solution /      1.00000 para interface(02)
Mensaje D / 00:00:11:030 / interface(02) / 00:00:00:001 para top(01)
Mensaje D / 00:00:11:030 / top(01) / 00:00:00:001 para Root(00)
Mensaje * / 00:00:11:031 / Root(00) para top(01)
Mensaje * / 00:00:11:031 / top(01) para interface(02)
Mensaje Y / 00:00:11:031 / interface(02) / feedback /      1.00000 para top(01)
Mensaje D / 00:00:11:031 / interface(02) / 00:00:00:000 para top(01)
Mensaje Y / 00:00:11:031 / top(01) / feedback /      1.00000 para Root(00)
Mensaje D / 00:00:11:031 / top(01) / 00:00:00:000 para Root(00)
Mensaje * / 00:00:11:031 / Root(00) para top(01)
Mensaje * / 00:00:11:031 / top(01) para interface(02)
Mensaje Y / 00:00:11:031 / interface(02) / output /      1.00000 para top(01)
Mensaje D / 00:00:11:031 / interface(02) / ... para top(01)
Mensaje Y / 00:00:11:031 / top(01) / output /      1.00000 para Root(00)
Mensaje D / 00:00:11:031 / top(01) / ... para Root(00)
