Mensaje I / 00:00:00:000 / Root(00) para top(01)
Mensaje I / 00:00:00:000 / top(01) para retain(02)
Mensaje D / 00:00:00:000 / retain(02) / ... para top(01)
Mensaje D / 00:00:00:000 / top(01) / ... para Root(00)
Mensaje X / 00:00:00:000 / Root(00) / in /      0.00000 para top(01)
Mensaje X / 00:00:00:000 / top(01) / in /      0.00000 para retain(02)
Mensaje D / 00:00:00:000 / retain(02) / ... para top(01)
Mensaje D / 00:00:00:000 / top(01) / ... para Root(00)
Mensaje X / 00:00:01:000 / Root(00) / in /      1.00000 para top(01)
Mensaje X / 00:00:01:000 / top(01) / in /      1.00000 para retain(02)
Mensaje D / 00:00:01:000 / retain(02) / 00:00:00:004 para top(01)
Mensaje D / 00:00:01:000 / top(01) / 00:00:00:004 para Root(00)
Mensaje * / 00:00:01:004 / Root(00) para top(01)
Mensaje * / 00:00:01:004 / top(01) para retain(02)
Mensaje Y / 00:00:01:004 / retain(02) / out /      1.00000 para top(01)
Mensaje D / 00:00:01:004 / retain(02) / ... para top(01)
Mensaje Y / 00:00:01:004 / top(01) / out /      1.00000 para Root(00)
Mensaje D / 00:00:01:004 / top(01) / ... para Root(00)
Mensaje X / 00:00:02:000 / Root(00) / in /      1.00000 para top(01)
Mensaje X / 00:00:02:000 / top(01) / in /      1.00000 para retain(02)
Mensaje D / 00:00:02:000 / retain(02) / 00:00:00:003 para top(01)
Mensaje D / 00:00:02:000 / top(01) / 00:00:00:003 para Root(00)
Mensaje X / 00:00:02:001 / Root(00) / in /      1.00000 para top(01)
Mensaje X / 00:00:02:001 / top(01) / in /      1.00000 para retain(02)
Mensaje D / 00:00:02:001 / retain(02) / 00:00:00:002 para top(01)
Mensaje D / 00:00:02:001 / top(01) / 00:00:00:002 para Root(00)
Mensaje X / 00:00:02:002 / Root(00) / in /      1.00000 para top(01)
Mensaje X / 00:00:02:002 / top(01) / in /      1.00000 para retain(02)
Mensaje D / 00:00:02:002 / retain(02) / 00:00:00:001 para top(01)
Mensaje D / 00:00:02:002 / top(01) / 00:00:00:001 para Root(00)
Mensaje X / 00:00:02:003 / Root(00) / in /      1.00000 para top(01)
Mensaje X / 00:00:02:003 / top(01) / in /      1.00000 para retain(02)
Mensaje D / 00:00:02:003 / retain(02) / 00:00:00:000 para top(01)
Mensaje D / 00:00:02:003 / top(01) / 00:00:00:000 para Root(00)
Mensaje * / 00:00:02:003 / Root(00) para top(01)
Mensaje * / 00:00:02:003 / top(01) para retain(02)
Mensaje Y / 00:00:02:003 / retain(02) / out /      1.00000 para top(01)
Mensaje D / 00:00:02:003 / retain(02) / ... para top(01)
Mensaje Y / 00:00:02:003 / top(01) / out /      1.00000 para Root(00)
Mensaje D / 00:00:02:003 / top(01) / ... para Root(00)
Mensaje X / 00:00:02:004 / Root(00) / in /      1.00000 para top(01)
Mensaje X / 00:00:02:004 / top(01) / in /      1.00000 para retain(02)
Mensaje D / 00:00:02:004 / retain(02) / 00:00:00:003 para top(01)
Mensaje D / 00:00:02:004 / top(01) / 00:00:00:003 para Root(00)
Mensaje X / 00:00:02:005 / Root(00) / in /      1.00000 para top(01)
Mensaje X / 00:00:02:005 / top(01) / in /      1.00000 para retain(02)
Mensaje D / 00:00:02:005 / retain(02) / 00:00:00:002 para top(01)
Mensaje D / 00:00:02:005 / top(01) / 00:00:00:002 para Root(00)
Mensaje X / 00:00:02:006 / Root(00) / in /      1.00000 para top(01)
Mensaje X / 00:00:02:006 / top(01) / in /      1.00000 para retain(02)
Mensaje D / 00:00:02:006 / retain(02) / 00:00:00:001 para top(01)
Mensaje D / 00:00:02:006 / top(01) / 00:00:00:001 para Root(00)
Mensaje X / 00:00:02:007 / Root(00) / in /      1.00000 para top(01)
Mensaje X / 00:00:02:007 / top(01) / in /      1.00000 para retain(02)
Mensaje D / 00:00:02:007 / retain(02) / 00:00:00:000 para top(01)
Mensaje D / 00:00:02:007 / top(01) / 00:00:00:000 para Root(00)
Mensaje * / 00:00:02:007 / Root(00) para top(01)
Mensaje * / 00:00:02:007 / top(01) para retain(02)
Mensaje Y / 00:00:02:007 / retain(02) / out /      1.00000 para top(01)
Mensaje D / 00:00:02:007 / retain(02) / ... para top(01)
Mensaje Y / 00:00:02:007 / top(01) / out /      1.00000 para Root(00)
Mensaje D / 00:00:02:007 / top(01) / ... para Root(00)
Mensaje X / 00:00:02:008 / Root(00) / in /      1.00000 para top(01)
Mensaje X / 00:00:02:008 / top(01) / in /      1.00000 para retain(02)
Mensaje D / 00:00:02:008 / retain(02) / 00:00:00:005 para top(01)
Mensaje D / 00:00:02:008 / top(01) / 00:00:00:005 para Root(00)
Mensaje X / 00:00:02:009 / Root(00) / in /      1.00000 para top(01)
Mensaje X / 00:00:02:009 / top(01) / in /      1.00000 para retain(02)
Mensaje D / 00:00:02:009 / retain(02) / 00:00:00:004 para top(01)
Mensaje D / 00:00:02:009 / top(01) / 00:00:00:004 para Root(00)
Mensaje * / 00:00:02:013 / Root(00) para top(01)
Mensaje * / 00:00:02:013 / top(01) para retain(02)
Mensaje Y / 00:00:02:013 / retain(02) / out /      1.00000 para top(01)
Mensaje D / 00:00:02:013 / retain(02) / ... para top(01)
Mensaje Y / 00:00:02:013 / top(01) / out /      1.00000 para Root(00)
Mensaje D / 00:00:02:013 / top(01) / ... para Root(00)
Mensaje X / 00:00:03:000 / Root(00) / in /      1.00000 para top(01)
Mensaje X / 00:00:03:000 / top(01) / in /      1.00000 para retain(02)
Mensaje D / 00:00:03:000 / retain(02) / 00:00:00:004 para top(01)
Mensaje D / 00:00:03:000 / top(01) / 00:00:00:004 para Root(00)
Mensaje * / 00:00:03:004 / Root(00) para top(01)
Mensaje * / 00:00:03:004 / top(01) para retain(02)
Mensaje Y / 00:00:03:004 / retain(02) / out /      1.00000 para top(01)
Mensaje D / 00:00:03:004 / retain(02) / ... para top(01)
Mensaje Y / 00:00:03:004 / top(01) / out /      1.00000 para Root(00)
Mensaje D / 00:00:03:004 / top(01) / ... para Root(00)
Mensaje X / 00:00:04:000 / Root(00) / in /      0.00000 para top(01)
Mensaje X / 00:00:04:000 / top(01) / in /      0.00000 para retain(02)
Mensaje D / 00:00:04:000 / retain(02) / ... para top(01)
Mensaje D / 00:00:04:000 / top(01) / ... para Root(00)
