Mensaje I / 00:00:00:000 / Root(00) para top(01)
Mensaje I / 00:00:00:000 / top(01) para retrieve(02)
Mensaje D / 00:00:00:000 / retrieve(02) / ... para top(01)
Mensaje D / 00:00:00:000 / top(01) / ... para Root(00)
Mensaje X / 00:00:00:000 / Root(00) / que /      1.00000 para top(01)
Mensaje X / 00:00:00:000 / top(01) / query /      1.00000 para retrieve(02)
Mensaje D / 00:00:00:000 / retrieve(02) / 00:00:00:000 para top(01)
Mensaje D / 00:00:00:000 / top(01) / 00:00:00:000 para Root(00)
Mensaje * / 00:00:00:000 / Root(00) para top(01)
Mensaje * / 00:00:00:000 / top(01) para retrieve(02)
Mensaje Y / 00:00:00:000 / retrieve(02) / retrieve /      1.00000 para top(01)
Mensaje D / 00:00:00:000 / retrieve(02) / ... para top(01)
Mensaje Y / 00:00:00:000 / top(01) / ret /      1.00000 para Root(00)
Mensaje D / 00:00:00:000 / top(01) / ... para Root(00)
Mensaje X / 00:00:00:001 / Root(00) / prov /    100.00000 para top(01)
Mensaje X / 00:00:00:001 / top(01) / provide /    100.00000 para retrieve(02)
Mensaje D / 00:00:00:001 / retrieve(02) / 00:00:00:008 para top(01)
Mensaje D / 00:00:00:001 / top(01) / 00:00:00:008 para Root(00)
Mensaje * / 00:00:00:009 / Root(00) para top(01)
Mensaje * / 00:00:00:009 / top(01) para retrieve(02)
Mensaje Y / 00:00:00:009 / retrieve(02) / proposed /      1.00000 para top(01)
Mensaje D / 00:00:00:009 / retrieve(02) / ... para top(01)
Mensaje Y / 00:00:00:009 / top(01) / prop /      1.00000 para Root(00)
Mensaje D / 00:00:00:009 / top(01) / ... para Root(00)
Mensaje X / 00:00:01:000 / Root(00) / prov /    200.00000 para top(01)
Mensaje X / 00:00:01:000 / top(01) / provide /    200.00000 para retrieve(02)
Mensaje D / 00:00:01:000 / retrieve(02) / 00:00:00:017 para top(01)
Mensaje D / 00:00:01:000 / top(01) / 00:00:00:017 para Root(00)
Mensaje * / 00:00:01:017 / Root(00) para top(01)
Mensaje * / 00:00:01:017 / top(01) para retrieve(02)
Mensaje Y / 00:00:01:017 / retrieve(02) / proposed /      1.00000 para top(01)
Mensaje D / 00:00:01:017 / retrieve(02) / ... para top(01)
Mensaje Y / 00:00:01:017 / top(01) / prop /      1.00000 para Root(00)
Mensaje D / 00:00:01:017 / top(01) / ... para Root(00)
Mensaje X / 00:00:02:000 / Root(00) / prov /    400.00000 para top(01)
Mensaje X / 00:00:02:000 / top(01) / provide /    400.00000 para retrieve(02)
Mensaje D / 00:00:02:000 / retrieve(02) / 00:00:00:040 para top(01)
Mensaje D / 00:00:02:000 / top(01) / 00:00:00:040 para Root(00)
Mensaje X / 00:00:02:001 / Root(00) / prov /    400.00000 para top(01)
Mensaje X / 00:00:02:001 / top(01) / provide /    400.00000 para retrieve(02)
Mensaje D / 00:00:02:001 / retrieve(02) / 00:00:00:039 para top(01)
Mensaje D / 00:00:02:001 / top(01) / 00:00:00:039 para Root(00)
Mensaje X / 00:00:02:002 / Root(00) / prov /    400.00000 para top(01)
Mensaje X / 00:00:02:002 / top(01) / provide /    400.00000 para retrieve(02)
Mensaje D / 00:00:02:002 / retrieve(02) / 00:00:00:038 para top(01)
Mensaje D / 00:00:02:002 / top(01) / 00:00:00:038 para Root(00)
Mensaje X / 00:00:02:003 / Root(00) / que /      1.00000 para top(01)
Mensaje X / 00:00:02:003 / top(01) / query /      1.00000 para retrieve(02)
Mensaje D / 00:00:02:003 / retrieve(02) / 00:00:00:037 para top(01)
Mensaje D / 00:00:02:003 / top(01) / 00:00:00:037 para Root(00)
Mensaje * / 00:00:02:040 / Root(00) para top(01)
Mensaje * / 00:00:02:040 / top(01) para retrieve(02)
Mensaje Y / 00:00:02:040 / retrieve(02) / proposed /      1.00000 para top(01)
Mensaje D / 00:00:02:040 / retrieve(02) / ... para top(01)
Mensaje Y / 00:00:02:040 / top(01) / prop /      1.00000 para Root(00)
Mensaje D / 00:00:02:040 / top(01) / ... para Root(00)
