Mensaje I / 00:00:00:000 / Root(00) para top(01)
Mensaje I / 00:00:00:000 / top(01) para reuse(02)
Mensaje D / 00:00:00:000 / reuse(02) / ... para top(01)
Mensaje D / 00:00:00:000 / top(01) / ... para Root(00)
Mensaje X / 00:00:00:000 / Root(00) / prop /      1.00000 para top(01)
Mensaje X / 00:00:00:000 / top(01) / proposed /      1.00000 para reuse(02)
Mensaje D / 00:00:00:000 / reuse(02) / 00:00:00:007 para top(01)
Mensaje D / 00:00:00:000 / top(01) / 00:00:00:007 para Root(00)
Mensaje * / 00:00:00:007 / Root(00) para top(01)
Mensaje * / 00:00:00:007 / top(01) para reuse(02)
Mensaje Y / 00:00:00:007 / reuse(02) / solution /      1.00000 para top(01)
Mensaje Y / 00:00:00:007 / reuse(02) / adapted /      0.00000 para top(01)
Mensaje D / 00:00:00:007 / reuse(02) / ... para top(01)
Mensaje Y / 00:00:00:007 / top(01) / sol /      1.00000 para Root(00)
Mensaje Y / 00:00:00:007 / top(01) / adpt /      0.00000 para Root(00)
Mensaje D / 00:00:00:007 / top(01) / ... para Root(00)
Mensaje X / 00:00:01:000 / Root(00) / prop /      1.00000 para top(01)
Mensaje X / 00:00:01:000 / top(01) / proposed /      1.00000 para reuse(02)
Mensaje D / 00:00:01:000 / reuse(02) / 00:00:00:005 para top(01)
Mensaje D / 00:00:01:000 / top(01) / 00:00:00:005 para Root(00)
Mensaje * / 00:00:01:005 / Root(00) para top(01)
Mensaje * / 00:00:01:005 / top(01) para reuse(02)
Mensaje Y / 00:00:01:005 / reuse(02) / solution /      1.00000 para top(01)
Mensaje Y / 00:00:01:005 / reuse(02) / adapted /      0.00000 para top(01)
Mensaje D / 00:00:01:005 / reuse(02) / ... para top(01)
Mensaje Y / 00:00:01:005 / top(01) / sol /      1.00000 para Root(00)
Mensaje Y / 00:00:01:005 / top(01) / adpt /      0.00000 para Root(00)
Mensaje D / 00:00:01:005 / top(01) / ... para Root(00)
Mensaje X / 00:00:02:000 / Root(00) / prop /      1.00000 para top(01)
Mensaje X / 00:00:02:000 / top(01) / proposed /      1.00000 para reuse(02)
Mensaje D / 00:00:02:000 / reuse(02) / 00:00:00:005 para top(01)
Mensaje D / 00:00:02:000 / top(01) / 00:00:00:005 para Root(00)
Mensaje * / 00:00:02:005 / Root(00) para top(01)
Mensaje * / 00:00:02:005 / top(01) para reuse(02)
Mensaje Y / 00:00:02:005 / reuse(02) / solution /      1.00000 para top(01)
Mensaje Y / 00:00:02:005 / reuse(02) / adapted /      0.00000 para top(01)
Mensaje D / 00:00:02:005 / reuse(02) / ... para top(01)
Mensaje Y / 00:00:02:005 / top(01) / sol /      1.00000 para Root(00)
Mensaje Y / 00:00:02:005 / top(01) / adpt /      0.00000 para Root(00)
Mensaje D / 00:00:02:005 / top(01) / ... para Root(00)
Mensaje X / 00:00:03:000 / Root(00) / prop /      1.00000 para top(01)
Mensaje X / 00:00:03:000 / top(01) / proposed /      1.00000 para reuse(02)
Mensaje D / 00:00:03:000 / reuse(02) / 00:00:00:008 para top(01)
Mensaje D / 00:00:03:000 / top(01) / 00:00:00:008 para Root(00)
Mensaje X / 00:00:03:002 / Root(00) / prop /      1.00000 para top(01)
Mensaje X / 00:00:03:002 / top(01) / proposed /      1.00000 para reuse(02)
Mensaje D / 00:00:03:002 / reuse(02) / 00:00:00:006 para top(01)
Mensaje D / 00:00:03:002 / top(01) / 00:00:00:006 para Root(00)
Mensaje X / 00:00:03:004 / Root(00) / prop /      1.00000 para top(01)
Mensaje X / 00:00:03:004 / top(01) / proposed /      1.00000 para reuse(02)
Mensaje D / 00:00:03:004 / reuse(02) / 00:00:00:004 para top(01)
Mensaje D / 00:00:03:004 / top(01) / 00:00:00:004 para Root(00)
Mensaje X / 00:00:03:006 / Root(00) / prop /      1.00000 para top(01)
Mensaje X / 00:00:03:006 / top(01) / proposed /      1.00000 para reuse(02)
Mensaje D / 00:00:03:006 / reuse(02) / 00:00:00:002 para top(01)
Mensaje D / 00:00:03:006 / top(01) / 00:00:00:002 para Root(00)
Mensaje X / 00:00:03:008 / Root(00) / prop /      1.00000 para top(01)
Mensaje X / 00:00:03:008 / top(01) / proposed /      1.00000 para reuse(02)
Mensaje D / 00:00:03:008 / reuse(02) / 00:00:00:000 para top(01)
Mensaje D / 00:00:03:008 / top(01) / 00:00:00:000 para Root(00)
Mensaje * / 00:00:03:008 / Root(00) para top(01)
Mensaje * / 00:00:03:008 / top(01) para reuse(02)
Mensaje Y / 00:00:03:008 / reuse(02) / solution /      1.00000 para top(01)
Mensaje Y / 00:00:03:008 / reuse(02) / adapted /      0.00000 para top(01)
Mensaje D / 00:00:03:008 / reuse(02) / ... para top(01)
Mensaje Y / 00:00:03:008 / top(01) / sol /      1.00000 para Root(00)
Mensaje Y / 00:00:03:008 / top(01) / adpt /      0.00000 para Root(00)
Mensaje D / 00:00:03:008 / top(01) / ... para Root(00)
Mensaje X / 00:00:03:010 / Root(00) / prop /      1.00000 para top(01)
Mensaje X / 00:00:03:010 / top(01) / proposed /      1.00000 para reuse(02)
Mensaje D / 00:00:03:010 / reuse(02) / 00:00:00:006 para top(01)
Mensaje D / 00:00:03:010 / top(01) / 00:00:00:006 para Root(00)
Mensaje X / 00:00:03:012 / Root(00) / prop /      1.00000 para top(01)
Mensaje X / 00:00:03:012 / top(01) / proposed /      1.00000 para reuse(02)
Mensaje D / 00:00:03:012 / reuse(02) / 00:00:00:004 para top(01)
Mensaje D / 00:00:03:012 / top(01) / 00:00:00:004 para Root(00)
Mensaje X / 00:00:03:014 / Root(00) / prop /      1.00000 para top(01)
Mensaje X / 00:00:03:014 / top(01) / proposed /      1.00000 para reuse(02)
Mensaje D / 00:00:03:014 / reuse(02) / 00:00:00:002 para top(01)
Mensaje D / 00:00:03:014 / top(01) / 00:00:00:002 para Root(00)
Mensaje X / 00:00:03:016 / Root(00) / prop /      1.00000 para top(01)
Mensaje X / 00:00:03:016 / top(01) / proposed /      1.00000 para reuse(02)
Mensaje D / 00:00:03:016 / reuse(02) / 00:00:00:000 para top(01)
Mensaje D / 00:00:03:016 / top(01) / 00:00:00:000 para Root(00)
Mensaje * / 00:00:03:016 / Root(00) para top(01)
Mensaje * / 00:00:03:016 / top(01) para reuse(02)
Mensaje Y / 00:00:03:016 / reuse(02) / solution /      1.00000 para top(01)
Mensaje Y / 00:00:03:016 / reuse(02) / adapted /      1.00000 para top(01)
Mensaje D / 00:00:03:016 / reuse(02) / ... para top(01)
Mensaje Y / 00:00:03:016 / top(01) / sol /      1.00000 para Root(00)
Mensaje Y / 00:00:03:016 / top(01) / adpt /      1.00000 para Root(00)
Mensaje D / 00:00:03:016 / top(01) / ... para Root(00)
Mensaje X / 00:00:03:018 / Root(00) / prop /      1.00000 para top(01)
Mensaje X / 00:00:03:018 / top(01) / proposed /      1.00000 para reuse(02)
Mensaje D / 00:00:03:018 / reuse(02) / 00:00:00:008 para top(01)
Mensaje D / 00:00:03:018 / top(01) / 00:00:00:008 para Root(00)
Mensaje * / 00:00:03:026 / Root(00) para top(01)
Mensaje * / 00:00:03:026 / top(01) para reuse(02)
Mensaje Y / 00:00:03:026 / reuse(02) / solution /      1.00000 para top(01)
Mensaje Y / 00:00:03:026 / reuse(02) / adapted /      0.00000 para top(01)
Mensaje D / 00:00:03:026 / reuse(02) / ... para top(01)
Mensaje Y / 00:00:03:026 / top(01) / sol /      1.00000 para Root(00)
Mensaje Y / 00:00:03:026 / top(01) / adpt /      0.00000 para Root(00)
Mensaje D / 00:00:03:026 / top(01) / ... para Root(00)
Mensaje X / 00:00:04:000 / Root(00) / prop /      1.00000 para top(01)
Mensaje X / 00:00:04:000 / top(01) / proposed /      1.00000 para reuse(02)
Mensaje D / 00:00:04:000 / reuse(02) / 00:00:00:009 para top(01)
Mensaje D / 00:00:04:000 / top(01) / 00:00:00:009 para Root(00)
Mensaje * / 00:00:04:009 / Root(00) para top(01)
Mensaje * / 00:00:04:009 / top(01) para reuse(02)
Mensaje Y / 00:00:04:009 / reuse(02) / solution /      1.00000 para top(01)
Mensaje Y / 00:00:04:009 / reuse(02) / adapted /      0.00000 para top(01)
Mensaje D / 00:00:04:009 / reuse(02) / ... para top(01)
Mensaje Y / 00:00:04:009 / top(01) / sol /      1.00000 para Root(00)
Mensaje Y / 00:00:04:009 / top(01) / adpt /      0.00000 para Root(00)
Mensaje D / 00:00:04:009 / top(01) / ... para Root(00)
Mensaje X / 00:00:05:000 / Root(00) / prop /      1.00000 para top(01)
Mensaje X / 00:00:05:000 / top(01) / proposed /      1.00000 para reuse(02)
Mensaje D / 00:00:05:000 / reuse(02) / 00:00:00:009 para top(01)
Mensaje D / 00:00:05:000 / top(01) / 00:00:00:009 para Root(00)
Mensaje * / 00:00:05:009 / Root(00) para top(01)
Mensaje * / 00:00:05:009 / top(01) para reuse(02)
Mensaje Y / 00:00:05:009 / reuse(02) / solution /      1.00000 para top(01)
Mensaje Y / 00:00:05:009 / reuse(02) / adapted /      0.00000 para top(01)
Mensaje D / 00:00:05:009 / reuse(02) / ... para top(01)
Mensaje Y / 00:00:05:009 / top(01) / sol /      1.00000 para Root(00)
Mensaje Y / 00:00:05:009 / top(01) / adpt /      0.00000 para Root(00)
Mensaje D / 00:00:05:009 / top(01) / ... para Root(00)
Mensaje X / 00:00:06:000 / Root(00) / prop /      1.00000 para top(01)
Mensaje X / 00:00:06:000 / top(01) / proposed /      1.00000 para reuse(02)
Mensaje D / 00:00:06:000 / reuse(02) / 00:00:00:008 para top(01)
Mensaje D / 00:00:06:000 / top(01) / 00:00:00:008 para Root(00)
Mensaje * / 00:00:06:008 / Root(00) para top(01)
Mensaje * / 00:00:06:008 / top(01) para reuse(02)
Mensaje Y / 00:00:06:008 / reuse(02) / solution /      1.00000 para top(01)
Mensaje Y / 00:00:06:008 / reuse(02) / adapted /      0.00000 para top(01)
Mensaje D / 00:00:06:008 / reuse(02) / ... para top(01)
Mensaje Y / 00:00:06:008 / top(01) / sol /      1.00000 para Root(00)
Mensaje Y / 00:00:06:008 / top(01) / adpt /      0.00000 para Root(00)
Mensaje D / 00:00:06:008 / top(01) / ... para Root(00)
Mensaje X / 00:00:07:000 / Root(00) / prop /      1.00000 para top(01)
Mensaje X / 00:00:07:000 / top(01) / proposed /      1.00000 para reuse(02)
Mensaje D / 00:00:07:000 / reuse(02) / 00:00:00:007 para top(01)
Mensaje D / 00:00:07:000 / top(01) / 00:00:00:007 para Root(00)
Mensaje * / 00:00:07:007 / Root(00) para top(01)
Mensaje * / 00:00:07:007 / top(01) para reuse(02)
Mensaje Y / 00:00:07:007 / reuse(02) / solution /      1.00000 para top(01)
Mensaje Y / 00:00:07:007 / reuse(02) / adapted /      0.00000 para top(01)
Mensaje D / 00:00:07:007 / reuse(02) / ... para top(01)
Mensaje Y / 00:00:07:007 / top(01) / sol /      1.00000 para Root(00)
Mensaje Y / 00:00:07:007 / top(01) / adpt /      0.00000 para Root(00)
Mensaje D / 00:00:07:007 / top(01) / ... para Root(00)
Mensaje X / 00:00:08:000 / Root(00) / prop /      1.00000 para top(01)
Mensaje X / 00:00:08:000 / top(01) / proposed /      1.00000 para reuse(02)
Mensaje D / 00:00:08:000 / reuse(02) / 00:00:00:006 para top(01)
Mensaje D / 00:00:08:000 / top(01) / 00:00:00:006 para Root(00)
Mensaje * / 00:00:08:006 / Root(00) para top(01)
Mensaje * / 00:00:08:006 / top(01) para reuse(02)
Mensaje Y / 00:00:08:006 / reuse(02) / solution /      1.00000 para top(01)
Mensaje Y / 00:00:08:006 / reuse(02) / adapted /      0.00000 para top(01)
Mensaje D / 00:00:08:006 / reuse(02) / ... para top(01)
Mensaje Y / 00:00:08:006 / top(01) / sol /      1.00000 para Root(00)
Mensaje Y / 00:00:08:006 / top(01) / adpt /      0.00000 para Root(00)
Mensaje D / 00:00:08:006 / top(01) / ... para Root(00)
Mensaje X / 00:00:09:000 / Root(00) / prop /      1.00000 para top(01)
Mensaje X / 00:00:09:000 / top(01) / proposed /      1.00000 para reuse(02)
Mensaje D / 00:00:09:000 / reuse(02) / 00:00:00:009 para top(01)
Mensaje D / 00:00:09:000 / top(01) / 00:00:00:009 para Root(00)
Mensaje * / 00:00:09:009 / Root(00) para top(01)
Mensaje * / 00:00:09:009 / top(01) para reuse(02)
Mensaje Y / 00:00:09:009 / reuse(02) / solution /      1.00000 para top(01)
Mensaje Y / 00:00:09:009 / reuse(02) / adapted /      1.00000 para top(01)
Mensaje D / 00:00:09:009 / reuse(02) / ... para top(01)
Mensaje Y / 00:00:09:009 / top(01) / sol /      1.00000 para Root(00)
Mensaje Y / 00:00:09:009 / top(01) / adpt /      1.00000 para Root(00)
Mensaje D / 00:00:09:009 / top(01) / ... para Root(00)
Mensaje X / 00:00:10:000 / Root(00) / prop /      1.00000 para top(01)
Mensaje X / 00:00:10:000 / top(01) / proposed /      1.00000 para reuse(02)
Mensaje D / 00:00:10:000 / reuse(02) / 00:00:00:004 para top(01)
Mensaje D / 00:00:10:000 / top(01) / 00:00:00:004 para Root(00)
Mensaje * / 00:00:10:004 / Root(00) para top(01)
Mensaje * / 00:00:10:004 / top(01) para reuse(02)
Mensaje Y / 00:00:10:004 / reuse(02) / solution /      1.00000 para top(01)
Mensaje Y / 00:00:10:004 / reuse(02) / adapted /      0.00000 para top(01)
Mensaje D / 00:00:10:004 / reuse(02) / ... para top(01)
Mensaje Y / 00:00:10:004 / top(01) / sol /      1.00000 para Root(00)
Mensaje Y / 00:00:10:004 / top(01) / adpt /      0.00000 para Root(00)
Mensaje D / 00:00:10:004 / top(01) / ... para Root(00)
