Mensaje I / 00:00:00:000 / Root(00) para top(01)
Mensaje I / 00:00:00:000 / top(01) para revise(02)
Mensaje D / 00:00:00:000 / revise(02) / ... para top(01)
Mensaje D / 00:00:00:000 / top(01) / ... para Root(00)
Mensaje X / 00:00:00:000 / Root(00) / adapt /      1.00000 para top(01)
Mensaje X / 00:00:00:000 / top(01) / adapted /      1.00000 para revise(02)
Mensaje D / 00:00:00:000 / revise(02) / ... para top(01)
Mensaje D / 00:00:00:000 / top(01) / ... para Root(00)
Mensaje X / 00:00:00:010 / Root(00) / feed /      1.00000 para top(01)
Mensaje X / 00:00:00:010 / top(01) / feedback /      1.00000 para revise(02)
Mensaje D / 00:00:00:010 / revise(02) / 00:00:00:007 para top(01)
Mensaje D / 00:00:00:010 / top(01) / 00:00:00:007 para Root(00)
Mensaje * / 00:00:00:017 / Root(00) para top(01)
Mensaje * / 00:00:00:017 / top(01) para revise(02)
Mensaje Y / 00:00:00:017 / revise(02) / fixed /      1.00000 para top(01)
Mensaje D / 00:00:00:017 / revise(02) / ... para top(01)
Mensaje Y / 00:00:00:017 / top(01) / fixed /      1.00000 para Root(00)
Mensaje D / 00:00:00:017 / top(01) / ... para Root(00)
Mensaje X / 00:00:01:000 / Root(00) / adapt /      0.00000 para top(01)
Mensaje X / 00:00:01:000 / top(01) / adapted /      0.00000 para revise(02)
Mensaje D / 00:00:01:000 / revise(02) / ... para top(01)
Mensaje D / 00:00:01:000 / top(01) / ... para Root(00)
Mensaje X / 00:00:01:010 / Root(00) / feed /      1.00000 para top(01)
Mensaje X / 00:00:01:010 / top(01) / feedback /      1.00000 para revise(02)
Mensaje D / 00:00:01:010 / revise(02) / 00:00:00:005 para top(01)
Mensaje D / 00:00:01:010 / top(01) / 00:00:00:005 para Root(00)
Mensaje * / 00:00:01:015 / Root(00) para top(01)
Mensaje * / 00:00:01:015 / top(01) para revise(02)
Mensaje Y / 00:00:01:015 / revise(02) / fixed /      0.00000 para top(01)
Mensaje D / 00:00:01:015 / revise(02) / ... para top(01)
Mensaje Y / 00:00:01:015 / top(01) / fixed /      0.00000 para Root(00)
Mensaje D / 00:00:01:015 / top(01) / ... para Root(00)
Mensaje X / 00:00:02:000 / Root(00) / adapt /      0.00000 para top(01)
Mensaje X / 00:00:02:000 / top(01) / adapted /      0.00000 para revise(02)
Mensaje D / 00:00:02:000 / revise(02) / ... para top(01)
Mensaje D / 00:00:02:000 / top(01) / ... para Root(00)
Mensaje X / 00:00:02:010 / Root(00) / feed /      0.00000 para top(01)
Mensaje X / 00:00:02:010 / top(01) / feedback /      0.00000 para revise(02)
Mensaje D / 00:00:02:010 / revise(02) / 00:00:00:005 para top(01)
Mensaje D / 00:00:02:010 / top(01) / 00:00:00:005 para Root(00)
Mensaje * / 00:00:02:015 / Root(00) para top(01)
Mensaje * / 00:00:02:015 / top(01) para revise(02)
Mensaje Y / 00:00:02:015 / revise(02) / solution /      1.00000 para top(01)
Mensaje D / 00:00:02:015 / revise(02) / ... para top(01)
Mensaje Y / 00:00:02:015 / top(01) / solution /      1.00000 para Root(00)
Mensaje D / 00:00:02:015 / top(01) / ... para Root(00)
Mensaje X / 00:00:02:020 / Root(00) / feed /      0.00000 para top(01)
Mensaje X / 00:00:02:020 / top(01) / feedback /      0.00000 para revise(02)
Mensaje D / 00:00:02:020 / revise(02) / 00:00:00:008 para top(01)
Mensaje D / 00:00:02:020 / top(01) / 00:00:00:008 para Root(00)
Mensaje * / 00:00:02:028 / Root(00) para top(01)
Mensaje * / 00:00:02:028 / top(01) para revise(02)
Mensaje Y / 00:00:02:028 / revise(02) / solution /      1.00000 para top(01)
Mensaje D / 00:00:02:028 / revise(02) / ... para top(01)
Mensaje Y / 00:00:02:028 / top(01) / solution /      1.00000 para Root(00)
Mensaje D / 00:00:02:028 / top(01) / ... para Root(00)
Mensaje X / 00:00:02:030 / Root(00) / feed /      0.00000 para top(01)
Mensaje X / 00:00:02:030 / top(01) / feedback /      0.00000 para revise(02)
Mensaje D / 00:00:02:030 / revise(02) / 00:00:00:006 para top(01)
Mensaje D / 00:00:02:030 / top(01) / 00:00:00:006 para Root(00)
Mensaje * / 00:00:02:036 / Root(00) para top(01)
Mensaje * / 00:00:02:036 / top(01) para revise(02)
Mensaje Y / 00:00:02:036 / revise(02) / solution /      1.00000 para top(01)
Mensaje D / 00:00:02:036 / revise(02) / ... para top(01)
Mensaje Y / 00:00:02:036 / top(01) / solution /      1.00000 para Root(00)
Mensaje D / 00:00:02:036 / top(01) / ... para Root(00)
Mensaje X / 00:00:02:040 / Root(00) / feed /      0.00000 para top(01)
Mensaje X / 00:00:02:040 / top(01) / feedback /      0.00000 para revise(02)
Mensaje D / 00:00:02:040 / revise(02) / 00:00:00:008 para top(01)
Mensaje D / 00:00:02:040 / top(01) / 00:00:00:008 para Root(00)
Mensaje * / 00:00:02:048 / Root(00) para top(01)
Mensaje * / 00:00:02:048 / top(01) para revise(02)
Mensaje Y / 00:00:02:048 / revise(02) / solution /      1.00000 para top(01)
Mensaje D / 00:00:02:048 / revise(02) / ... para top(01)
Mensaje Y / 00:00:02:048 / top(01) / solution /      1.00000 para Root(00)
Mensaje D / 00:00:02:048 / top(01) / ... para Root(00)
Mensaje X / 00:00:02:050 / Root(00) / feed /      0.00000 para top(01)
Mensaje X / 00:00:02:050 / top(01) / feedback /      0.00000 para revise(02)
Mensaje D / 00:00:02:050 / revise(02) / 00:00:00:009 para top(01)
Mensaje D / 00:00:02:050 / top(01) / 00:00:00:009 para Root(00)
Mensaje * / 00:00:02:059 / Root(00) para top(01)
Mensaje * / 00:00:02:059 / top(01) para revise(02)
Mensaje Y / 00:00:02:059 / revise(02) / solution /      1.00000 para top(01)
Mensaje D / 00:00:02:059 / revise(02) / ... para top(01)
Mensaje Y / 00:00:02:059 / top(01) / solution /      1.00000 para Root(00)
Mensaje D / 00:00:02:059 / top(01) / ... para Root(00)
Mensaje X / 00:00:02:060 / Root(00) / feed /      0.00000 para top(01)
Mensaje X / 00:00:02:060 / top(01) / feedback /      0.00000 para revise(02)
Mensaje D / 00:00:02:060 / revise(02) / 00:00:00:009 para top(01)
Mensaje D / 00:00:02:060 / top(01) / 00:00:00:009 para Root(00)
Mensaje * / 00:00:02:069 / Root(00) para top(01)
Mensaje * / 00:00:02:069 / top(01) para revise(02)
Mensaje Y / 00:00:02:069 / revise(02) / solution /      1.00000 para top(01)
Mensaje D / 00:00:02:069 / revise(02) / ... para top(01)
Mensaje Y / 00:00:02:069 / top(01) / solution /      1.00000 para Root(00)
Mensaje D / 00:00:02:069 / top(01) / ... para Root(00)
Mensaje X / 00:00:02:070 / Root(00) / feed /      0.00000 para top(01)
Mensaje X / 00:00:02:070 / top(01) / feedback /      0.00000 para revise(02)
Mensaje D / 00:00:02:070 / revise(02) / 00:00:00:008 para top(01)
Mensaje D / 00:00:02:070 / top(01) / 00:00:00:008 para Root(00)
Mensaje * / 00:00:02:078 / Root(00) para top(01)
Mensaje * / 00:00:02:078 / top(01) para revise(02)
Mensaje Y / 00:00:02:078 / revise(02) / solution /      1.00000 para top(01)
Mensaje D / 00:00:02:078 / revise(02) / ... para top(01)
Mensaje Y / 00:00:02:078 / top(01) / solution /      1.00000 para Root(00)
Mensaje D / 00:00:02:078 / top(01) / ... para Root(00)
Mensaje X / 00:00:02:080 / Root(00) / feed /      0.00000 para top(01)
Mensaje X / 00:00:02:080 / top(01) / feedback /      0.00000 para revise(02)
Mensaje D / 00:00:02:080 / revise(02) / 00:00:00:007 para top(01)
Mensaje D / 00:00:02:080 / top(01) / 00:00:00:007 para Root(00)
Mensaje * / 00:00:02:087 / Root(00) para top(01)
Mensaje * / 00:00:02:087 / top(01) para revise(02)
Mensaje Y / 00:00:02:087 / revise(02) / solution /      1.00000 para top(01)
Mensaje D / 00:00:02:087 / revise(02) / ... para top(01)
Mensaje Y / 00:00:02:087 / top(01) / solution /      1.00000 para Root(00)
Mensaje D / 00:00:02:087 / top(01) / ... para Root(00)
Mensaje X / 00:00:02:090 / Root(00) / feed /      0.00000 para top(01)
Mensaje X / 00:00:02:090 / top(01) / feedback /      0.00000 para revise(02)
Mensaje D / 00:00:02:090 / revise(02) / 00:00:00:006 para top(01)
Mensaje D / 00:00:02:090 / top(01) / 00:00:00:006 para Root(00)
Mensaje * / 00:00:02:096 / Root(00) para top(01)
Mensaje * / 00:00:02:096 / top(01) para revise(02)
Mensaje Y / 00:00:02:096 / revise(02) / solution /      1.00000 para top(01)
Mensaje D / 00:00:02:096 / revise(02) / ... para top(01)
Mensaje Y / 00:00:02:096 / top(01) / solution /      1.00000 para Root(00)
Mensaje D / 00:00:02:096 / top(01) / ... para Root(00)
Mensaje X / 00:00:02:100 / Root(00) / feed /      0.00000 para top(01)
Mensaje X / 00:00:02:100 / top(01) / feedback /      0.00000 para revise(02)
Mensaje D / 00:00:02:100 / revise(02) / 00:00:00:009 para top(01)
Mensaje D / 00:00:02:100 / top(01) / 00:00:00:009 para Root(00)
Mensaje * / 00:00:02:109 / Root(00) para top(01)
Mensaje * / 00:00:02:109 / top(01) para revise(02)
Mensaje Y / 00:00:02:109 / revise(02) / solution /      1.00000 para top(01)
Mensaje D / 00:00:02:109 / revise(02) / ... para top(01)
Mensaje Y / 00:00:02:109 / top(01) / solution /      1.00000 para Root(00)
Mensaje D / 00:00:02:109 / top(01) / ... para Root(00)
Mensaje X / 00:00:02:110 / Root(00) / feed /      0.00000 para top(01)
Mensaje X / 00:00:02:110 / top(01) / feedback /      0.00000 para revise(02)
Mensaje D / 00:00:02:110 / revise(02) / 00:00:00:004 para top(01)
Mensaje D / 00:00:02:110 / top(01) / 00:00:00:004 para Root(00)
Mensaje * / 00:00:02:114 / Root(00) para top(01)
Mensaje * / 00:00:02:114 / top(01) para revise(02)
Mensaje Y / 00:00:02:114 / revise(02) / solution /      1.00000 para top(01)
Mensaje D / 00:00:02:114 / revise(02) / ... para top(01)
Mensaje Y / 00:00:02:114 / top(01) / solution /      1.00000 para Root(00)
Mensaje D / 00:00:02:114 / top(01) / ... para Root(00)
Mensaje X / 00:00:02:120 / Root(00) / feed /      1.00000 para top(01)
Mensaje X / 00:00:02:120 / top(01) / feedback /      1.00000 para revise(02)
Mensaje D / 00:00:02:120 / revise(02) / 00:00:00:009 para top(01)
Mensaje D / 00:00:02:120 / top(01) / 00:00:00:009 para Root(00)
Mensaje * / 00:00:02:129 / Root(00) para top(01)
Mensaje * / 00:00:02:129 / top(01) para revise(02)
Mensaje Y / 00:00:02:129 / revise(02) / fixed /      1.00000 para top(01)
Mensaje D / 00:00:02:129 / revise(02) / ... para top(01)
Mensaje Y / 00:00:02:129 / top(01) / fixed /      1.00000 para Root(00)
Mensaje D / 00:00:02:129 / top(01) / ... para Root(00)
Mensaje X / 00:00:03:000 / Root(00) / feed /      1.00000 para top(01)
Mensaje X / 00:00:03:000 / top(01) / feedback /      1.00000 para revise(02)
Mensaje D / 00:00:03:000 / revise(02) / ... para top(01)
Mensaje D / 00:00:03:000 / top(01) / ... para Root(00)
Mensaje X / 00:00:04:000 / Root(00) / adapt /      0.00000 para top(01)
Mensaje X / 00:00:04:000 / top(01) / adapted /      0.00000 para revise(02)
Mensaje D / 00:00:04:000 / revise(02) / ... para top(01)
Mensaje D / 00:00:04:000 / top(01) / ... para Root(00)
Mensaje X / 00:00:05:000 / Root(00) / adapt /      1.00000 para top(01)
Mensaje X / 00:00:05:000 / top(01) / adapted /      1.00000 para revise(02)
Mensaje D / 00:00:05:000 / revise(02) / ... para top(01)
Mensaje D / 00:00:05:000 / top(01) / ... para Root(00)
Mensaje X / 00:00:06:000 / Root(00) / feed /      1.00000 para top(01)
Mensaje X / 00:00:06:000 / top(01) / feedback /      1.00000 para revise(02)
Mensaje D / 00:00:06:000 / revise(02) / 00:00:00:009 para top(01)
Mensaje D / 00:00:06:000 / top(01) / 00:00:00:009 para Root(00)
Mensaje * / 00:00:06:009 / Root(00) para top(01)
Mensaje * / 00:00:06:009 / top(01) para revise(02)
Mensaje Y / 00:00:06:009 / revise(02) / fixed /      0.00000 para top(01)
Mensaje D / 00:00:06:009 / revise(02) / ... para top(01)
Mensaje Y / 00:00:06:009 / top(01) / fixed /      0.00000 para Root(00)
Mensaje D / 00:00:06:009 / top(01) / ... para Root(00)
